2023-10-10T09:43:55.762+09:00  INFO 12624 --- [restartedMain] kr.ch11.Ch11Application                  : Starting Ch11Application using Java 17.0.8.1 with PID 12624 (C:\Users\Java\Desktop\workspace\Spring\Ch11\target\classes started by Java in C:\Users\Java\Desktop\workspace\Spring\Ch11)
2023-10-10T09:43:55.764+09:00  INFO 12624 --- [restartedMain] kr.ch11.Ch11Application                  : No active profile set, falling back to 1 default profile: "default"
2023-10-10T09:43:55.788+09:00  INFO 12624 --- [restartedMain] o.s.b.devtools.restart.ChangeableUrls    : The Class-Path manifest attribute in C:\Users\Java\.m2\repository\com\oracle\database\jdbc\ojdbc8\21.9.0.0\ojdbc8-21.9.0.0.jar referenced one or more files that do not exist: file:/C:/Users/Java/.m2/repository/com/oracle/database/jdbc/ojdbc8/21.9.0.0/oraclepki.jar
2023-10-10T09:43:55.789+09:00  INFO 12624 --- [restartedMain] .e.DevToolsPropertyDefaultsPostProcessor : Devtools property defaults active! Set 'spring.devtools.add-properties' to 'false' to disable
2023-10-10T09:43:55.789+09:00  INFO 12624 --- [restartedMain] .e.DevToolsPropertyDefaultsPostProcessor : For additional web related logging consider setting the 'logging.level.web' property to 'DEBUG'
2023-10-10T09:43:56.118+09:00  INFO 12624 --- [restartedMain] .s.d.r.c.RepositoryConfigurationDelegate : Multiple Spring Data modules found, entering strict repository configuration mode
2023-10-10T09:43:56.118+09:00  INFO 12624 --- [restartedMain] .s.d.r.c.RepositoryConfigurationDelegate : Bootstrapping Spring Data JDBC repositories in DEFAULT mode.
2023-10-10T09:43:56.124+09:00  INFO 12624 --- [restartedMain] .s.d.r.c.RepositoryConfigurationDelegate : Finished Spring Data repository scanning in 2 ms. Found 0 JDBC repository interfaces.
2023-10-10T09:43:56.130+09:00  INFO 12624 --- [restartedMain] .s.d.r.c.RepositoryConfigurationDelegate : Multiple Spring Data modules found, entering strict repository configuration mode
2023-10-10T09:43:56.130+09:00  INFO 12624 --- [restartedMain] .s.d.r.c.RepositoryConfigurationDelegate : Bootstrapping Spring Data JPA repositories in DEFAULT mode.
2023-10-10T09:43:56.133+09:00  INFO 12624 --- [restartedMain] .s.d.r.c.RepositoryConfigurationDelegate : Finished Spring Data repository scanning in 0 ms. Found 0 JPA repository interfaces.
2023-10-10T09:43:56.177+09:00  WARN 12624 --- [restartedMain] o.m.s.mapper.ClassPathMapperScanner      : No MyBatis mapper was found in '[kr.ch11]' package. Please check your configuration.
2023-10-10T09:43:56.424+09:00  INFO 12624 --- [restartedMain] o.s.b.w.embedded.tomcat.TomcatWebServer  : Tomcat initialized with port(s): 8080 (http)
2023-10-10T09:43:56.433+09:00  INFO 12624 --- [restartedMain] o.apache.catalina.core.StandardService   : Starting service [Tomcat]
2023-10-10T09:43:56.433+09:00  INFO 12624 --- [restartedMain] o.apache.catalina.core.StandardEngine    : Starting Servlet engine: [Apache Tomcat/10.1.13]
2023-10-10T09:43:56.471+09:00  INFO 12624 --- [restartedMain] o.a.c.c.C.[Tomcat].[localhost].[/Ch10]   : Initializing Spring embedded WebApplicationContext
2023-10-10T09:43:56.471+09:00  INFO 12624 --- [restartedMain] w.s.c.ServletWebServerApplicationContext : Root WebApplicationContext: initialization completed in 682 ms
2023-10-10T09:43:56.575+09:00  INFO 12624 --- [restartedMain] o.hibernate.jpa.internal.util.LogHelper  : HHH000204: Processing PersistenceUnitInfo [name: default]
2023-10-10T09:43:56.608+09:00  INFO 12624 --- [restartedMain] org.hibernate.Version                    : HHH000412: Hibernate ORM core version 6.2.9.Final
2023-10-10T09:43:56.610+09:00  INFO 12624 --- [restartedMain] org.hibernate.cfg.Environment            : HHH000406: Using bytecode reflection optimizer
2023-10-10T09:43:56.691+09:00  INFO 12624 --- [restartedMain] o.h.b.i.BytecodeProviderInitiator        : HHH000021: Bytecode provider name : bytebuddy
2023-10-10T09:43:56.769+09:00  INFO 12624 --- [restartedMain] o.s.o.j.p.SpringPersistenceUnitInfo      : No LoadTimeWeaver setup: ignoring JPA class transformer
2023-10-10T09:43:56.779+09:00  INFO 12624 --- [restartedMain] com.zaxxer.hikari.HikariDataSource       : HikariPool-1 - Starting...
2023-10-10T09:43:56.934+09:00  INFO 12624 --- [restartedMain] com.zaxxer.hikari.pool.HikariPool        : HikariPool-1 - Added connection oracle.jdbc.driver.T4CConnection@459b1665
2023-10-10T09:43:56.935+09:00  INFO 12624 --- [restartedMain] com.zaxxer.hikari.HikariDataSource       : HikariPool-1 - Start completed.
2023-10-10T09:43:56.949+09:00  WARN 12624 --- [restartedMain] org.hibernate.orm.deprecation            : HHH90000026: Oracle12cDialect has been deprecated; use org.hibernate.dialect.OracleDialect instead
2023-10-10T09:43:57.056+09:00  INFO 12624 --- [restartedMain] o.h.b.i.BytecodeProviderInitiator        : HHH000021: Bytecode provider name : bytebuddy
2023-10-10T09:43:57.186+09:00  INFO 12624 --- [restartedMain] o.h.e.t.j.p.i.JtaPlatformInitiator       : HHH000490: Using JtaPlatform implementation: [org.hibernate.engine.transaction.jta.platform.internal.NoJtaPlatform]
2023-10-10T09:43:57.189+09:00  INFO 12624 --- [restartedMain] j.LocalContainerEntityManagerFactoryBean : Initialized JPA EntityManagerFactory for persistence unit 'default'
2023-10-10T09:43:57.214+09:00  WARN 12624 --- [restartedMain] JpaBaseConfiguration$JpaWebConfiguration : spring.jpa.open-in-view is enabled by default. Therefore, database queries may be performed during view rendering. Explicitly configure spring.jpa.open-in-view to disable this warning
2023-10-10T09:43:57.294+09:00  INFO 12624 --- [restartedMain] o.s.b.a.w.s.WelcomePageHandlerMapping    : Adding welcome page template: index
2023-10-10T09:43:57.495+09:00  INFO 12624 --- [restartedMain] o.s.b.d.a.OptionalLiveReloadServer       : LiveReload server is running on port 35729
2023-10-10T09:43:57.514+09:00  INFO 12624 --- [restartedMain] o.s.b.w.embedded.tomcat.TomcatWebServer  : Tomcat started on port(s): 8080 (http) with context path '/Ch10'
2023-10-10T09:43:57.519+09:00  INFO 12624 --- [restartedMain] kr.ch11.Ch11Application                  : Started Ch11Application in 1.965 seconds (process running for 2.353)
2023-10-10T09:45:23.435+09:00  INFO 12624 --- [File Watcher] rtingClassPathChangeChangedEventListener : Restarting due to 1 class path change (1 addition, 0 deletions, 0 modifications)
2023-10-10T09:45:23.444+09:00  INFO 12624 --- [Thread-7] o.apache.catalina.core.StandardService   : Stopping service [Tomcat]
2023-10-10T09:45:23.453+09:00  INFO 12624 --- [Thread-7] j.LocalContainerEntityManagerFactoryBean : Closing JPA EntityManagerFactory for persistence unit 'default'
2023-10-10T09:45:23.456+09:00  INFO 12624 --- [Thread-7] com.zaxxer.hikari.HikariDataSource       : HikariPool-1 - Shutdown initiated...
2023-10-10T09:45:23.463+09:00  INFO 12624 --- [Thread-7] com.zaxxer.hikari.HikariDataSource       : HikariPool-1 - Shutdown completed.
2023-10-10T09:45:23.498+09:00  INFO 12624 --- [restartedMain] kr.ch11.Ch11Application                  : Starting Ch11Application using Java 17.0.8.1 with PID 12624 (C:\Users\Java\Desktop\workspace\Spring\Ch11\target\classes started by Java in C:\Users\Java\Desktop\workspace\Spring\Ch11)
2023-10-10T09:45:23.498+09:00  INFO 12624 --- [restartedMain] kr.ch11.Ch11Application                  : No active profile set, falling back to 1 default profile: "default"
2023-10-10T09:45:23.564+09:00  INFO 12624 --- [restartedMain] .s.d.r.c.RepositoryConfigurationDelegate : Multiple Spring Data modules found, entering strict repository configuration mode
2023-10-10T09:45:23.564+09:00  INFO 12624 --- [restartedMain] .s.d.r.c.RepositoryConfigurationDelegate : Bootstrapping Spring Data JDBC repositories in DEFAULT mode.
2023-10-10T09:45:23.565+09:00  INFO 12624 --- [restartedMain] .s.d.r.c.RepositoryConfigurationDelegate : Finished Spring Data repository scanning in 0 ms. Found 0 JDBC repository interfaces.
2023-10-10T09:45:23.566+09:00  INFO 12624 --- [restartedMain] .s.d.r.c.RepositoryConfigurationDelegate : Multiple Spring Data modules found, entering strict repository configuration mode
2023-10-10T09:45:23.566+09:00  INFO 12624 --- [restartedMain] .s.d.r.c.RepositoryConfigurationDelegate : Bootstrapping Spring Data JPA repositories in DEFAULT mode.
2023-10-10T09:45:23.567+09:00  INFO 12624 --- [restartedMain] .s.d.r.c.RepositoryConfigurationDelegate : Finished Spring Data repository scanning in 0 ms. Found 0 JPA repository interfaces.
2023-10-10T09:45:23.577+09:00  WARN 12624 --- [restartedMain] o.m.s.mapper.ClassPathMapperScanner      : No MyBatis mapper was found in '[kr.ch11]' package. Please check your configuration.
2023-10-10T09:45:23.599+09:00  INFO 12624 --- [restartedMain] o.s.b.w.embedded.tomcat.TomcatWebServer  : Tomcat initialized with port(s): 8080 (http)
2023-10-10T09:45:23.600+09:00  INFO 12624 --- [restartedMain] o.apache.catalina.core.StandardService   : Starting service [Tomcat]
2023-10-10T09:45:23.600+09:00  INFO 12624 --- [restartedMain] o.apache.catalina.core.StandardEngine    : Starting Servlet engine: [Apache Tomcat/10.1.13]
2023-10-10T09:45:23.607+09:00  INFO 12624 --- [restartedMain] o.a.c.c.C.[Tomcat].[localhost].[/Ch10]   : Initializing Spring embedded WebApplicationContext
2023-10-10T09:45:23.607+09:00  INFO 12624 --- [restartedMain] w.s.c.ServletWebServerApplicationContext : Root WebApplicationContext: initialization completed in 108 ms
2023-10-10T09:45:23.620+09:00  INFO 12624 --- [restartedMain] o.hibernate.jpa.internal.util.LogHelper  : HHH000204: Processing PersistenceUnitInfo [name: default]
2023-10-10T09:45:23.622+09:00  INFO 12624 --- [restartedMain] o.h.b.i.BytecodeProviderInitiator        : HHH000021: Bytecode provider name : bytebuddy
2023-10-10T09:45:23.623+09:00  INFO 12624 --- [restartedMain] o.s.o.j.p.SpringPersistenceUnitInfo      : No LoadTimeWeaver setup: ignoring JPA class transformer
2023-10-10T09:45:23.623+09:00  INFO 12624 --- [restartedMain] com.zaxxer.hikari.HikariDataSource       : HikariPool-2 - Starting...
2023-10-10T09:45:23.644+09:00  INFO 12624 --- [restartedMain] com.zaxxer.hikari.pool.HikariPool        : HikariPool-2 - Added connection oracle.jdbc.driver.T4CConnection@51063a1e
2023-10-10T09:45:23.644+09:00  INFO 12624 --- [restartedMain] com.zaxxer.hikari.HikariDataSource       : HikariPool-2 - Start completed.
2023-10-10T09:45:23.644+09:00  WARN 12624 --- [restartedMain] org.hibernate.orm.deprecation            : HHH90000026: Oracle12cDialect has been deprecated; use org.hibernate.dialect.OracleDialect instead
2023-10-10T09:45:23.647+09:00  INFO 12624 --- [restartedMain] o.h.b.i.BytecodeProviderInitiator        : HHH000021: Bytecode provider name : bytebuddy
2023-10-10T09:45:23.648+09:00  INFO 12624 --- [restartedMain] o.h.e.t.j.p.i.JtaPlatformInitiator       : HHH000490: Using JtaPlatform implementation: [org.hibernate.engine.transaction.jta.platform.internal.NoJtaPlatform]
2023-10-10T09:45:23.649+09:00  INFO 12624 --- [restartedMain] j.LocalContainerEntityManagerFactoryBean : Initialized JPA EntityManagerFactory for persistence unit 'default'
2023-10-10T09:45:23.657+09:00  WARN 12624 --- [restartedMain] JpaBaseConfiguration$JpaWebConfiguration : spring.jpa.open-in-view is enabled by default. Therefore, database queries may be performed during view rendering. Explicitly configure spring.jpa.open-in-view to disable this warning
2023-10-10T09:45:23.671+09:00  INFO 12624 --- [restartedMain] o.s.b.a.w.s.WelcomePageHandlerMapping    : Adding welcome page template: index
2023-10-10T09:45:23.703+09:00  INFO 12624 --- [restartedMain] o.s.b.d.a.OptionalLiveReloadServer       : LiveReload server is running on port 35729
2023-10-10T09:45:23.707+09:00  INFO 12624 --- [restartedMain] o.s.b.w.embedded.tomcat.TomcatWebServer  : Tomcat started on port(s): 8080 (http) with context path '/Ch10'
2023-10-10T09:45:23.709+09:00  INFO 12624 --- [restartedMain] kr.ch11.Ch11Application                  : Started Ch11Application in 0.221 seconds (process running for 88.543)
2023-10-10T09:45:23.710+09:00  INFO 12624 --- [restartedMain] .ConditionEvaluationDeltaLoggingListener : Condition evaluation unchanged
2023-10-10T09:45:28.164+09:00  INFO 12624 --- [File Watcher] rtingClassPathChangeChangedEventListener : Restarting due to 1 class path change (0 additions, 0 deletions, 1 modification)
2023-10-10T09:45:28.171+09:00  INFO 12624 --- [Thread-9] o.apache.catalina.core.StandardService   : Stopping service [Tomcat]
2023-10-10T09:45:28.174+09:00  INFO 12624 --- [Thread-9] j.LocalContainerEntityManagerFactoryBean : Closing JPA EntityManagerFactory for persistence unit 'default'
2023-10-10T09:45:28.175+09:00  INFO 12624 --- [Thread-9] com.zaxxer.hikari.HikariDataSource       : HikariPool-2 - Shutdown initiated...
2023-10-10T09:45:28.184+09:00  INFO 12624 --- [Thread-9] com.zaxxer.hikari.HikariDataSource       : HikariPool-2 - Shutdown completed.
2023-10-10T09:45:28.217+09:00  INFO 12624 --- [restartedMain] kr.ch11.Ch11Application                  : Starting Ch11Application using Java 17.0.8.1 with PID 12624 (C:\Users\Java\Desktop\workspace\Spring\Ch11\target\classes started by Java in C:\Users\Java\Desktop\workspace\Spring\Ch11)
2023-10-10T09:45:28.218+09:00  INFO 12624 --- [restartedMain] kr.ch11.Ch11Application                  : No active profile set, falling back to 1 default profile: "default"
2023-10-10T09:45:28.274+09:00  INFO 12624 --- [restartedMain] .s.d.r.c.RepositoryConfigurationDelegate : Multiple Spring Data modules found, entering strict repository configuration mode
2023-10-10T09:45:28.274+09:00  INFO 12624 --- [restartedMain] .s.d.r.c.RepositoryConfigurationDelegate : Bootstrapping Spring Data JDBC repositories in DEFAULT mode.
2023-10-10T09:45:28.275+09:00  INFO 12624 --- [restartedMain] .s.d.r.c.RepositoryConfigurationDelegate : Finished Spring Data repository scanning in 0 ms. Found 0 JDBC repository interfaces.
2023-10-10T09:45:28.276+09:00  INFO 12624 --- [restartedMain] .s.d.r.c.RepositoryConfigurationDelegate : Multiple Spring Data modules found, entering strict repository configuration mode
2023-10-10T09:45:28.277+09:00  INFO 12624 --- [restartedMain] .s.d.r.c.RepositoryConfigurationDelegate : Bootstrapping Spring Data JPA repositories in DEFAULT mode.
2023-10-10T09:45:28.277+09:00  INFO 12624 --- [restartedMain] .s.d.r.c.RepositoryConfigurationDelegate : Finished Spring Data repository scanning in 0 ms. Found 0 JPA repository interfaces.
2023-10-10T09:45:28.286+09:00  WARN 12624 --- [restartedMain] o.m.s.mapper.ClassPathMapperScanner      : No MyBatis mapper was found in '[kr.ch11]' package. Please check your configuration.
2023-10-10T09:45:28.306+09:00  INFO 12624 --- [restartedMain] o.s.b.w.embedded.tomcat.TomcatWebServer  : Tomcat initialized with port(s): 8080 (http)
2023-10-10T09:45:28.306+09:00  INFO 12624 --- [restartedMain] o.apache.catalina.core.StandardService   : Starting service [Tomcat]
2023-10-10T09:45:28.306+09:00  INFO 12624 --- [restartedMain] o.apache.catalina.core.StandardEngine    : Starting Servlet engine: [Apache Tomcat/10.1.13]
2023-10-10T09:45:28.313+09:00  INFO 12624 --- [restartedMain] o.a.c.c.C.[Tomcat].[localhost].[/Ch10]   : Initializing Spring embedded WebApplicationContext
2023-10-10T09:45:28.313+09:00  INFO 12624 --- [restartedMain] w.s.c.ServletWebServerApplicationContext : Root WebApplicationContext: initialization completed in 94 ms
2023-10-10T09:45:28.325+09:00  INFO 12624 --- [restartedMain] o.hibernate.jpa.internal.util.LogHelper  : HHH000204: Processing PersistenceUnitInfo [name: default]
2023-10-10T09:45:28.327+09:00  INFO 12624 --- [restartedMain] o.h.b.i.BytecodeProviderInitiator        : HHH000021: Bytecode provider name : bytebuddy
2023-10-10T09:45:28.328+09:00  INFO 12624 --- [restartedMain] o.s.o.j.p.SpringPersistenceUnitInfo      : No LoadTimeWeaver setup: ignoring JPA class transformer
2023-10-10T09:45:28.328+09:00  INFO 12624 --- [restartedMain] com.zaxxer.hikari.HikariDataSource       : HikariPool-3 - Starting...
2023-10-10T09:45:28.350+09:00  INFO 12624 --- [restartedMain] com.zaxxer.hikari.pool.HikariPool        : HikariPool-3 - Added connection oracle.jdbc.driver.T4CConnection@354c4f19
2023-10-10T09:45:28.350+09:00  INFO 12624 --- [restartedMain] com.zaxxer.hikari.HikariDataSource       : HikariPool-3 - Start completed.
2023-10-10T09:45:28.351+09:00  WARN 12624 --- [restartedMain] org.hibernate.orm.deprecation            : HHH90000026: Oracle12cDialect has been deprecated; use org.hibernate.dialect.OracleDialect instead
2023-10-10T09:45:28.353+09:00  INFO 12624 --- [restartedMain] o.h.b.i.BytecodeProviderInitiator        : HHH000021: Bytecode provider name : bytebuddy
2023-10-10T09:45:28.355+09:00  INFO 12624 --- [restartedMain] o.h.e.t.j.p.i.JtaPlatformInitiator       : HHH000490: Using JtaPlatform implementation: [org.hibernate.engine.transaction.jta.platform.internal.NoJtaPlatform]
2023-10-10T09:45:28.355+09:00  INFO 12624 --- [restartedMain] j.LocalContainerEntityManagerFactoryBean : Initialized JPA EntityManagerFactory for persistence unit 'default'
2023-10-10T09:45:28.361+09:00  WARN 12624 --- [restartedMain] JpaBaseConfiguration$JpaWebConfiguration : spring.jpa.open-in-view is enabled by default. Therefore, database queries may be performed during view rendering. Explicitly configure spring.jpa.open-in-view to disable this warning
2023-10-10T09:45:28.374+09:00  INFO 12624 --- [restartedMain] o.s.b.a.w.s.WelcomePageHandlerMapping    : Adding welcome page template: index
2023-10-10T09:45:28.404+09:00  INFO 12624 --- [restartedMain] o.s.b.d.a.OptionalLiveReloadServer       : LiveReload server is running on port 35729
2023-10-10T09:45:28.409+09:00  INFO 12624 --- [restartedMain] o.s.b.w.embedded.tomcat.TomcatWebServer  : Tomcat started on port(s): 8080 (http) with context path '/Ch10'
2023-10-10T09:45:28.411+09:00  INFO 12624 --- [restartedMain] kr.ch11.Ch11Application                  : Started Ch11Application in 0.202 seconds (process running for 93.245)
2023-10-10T09:45:28.411+09:00  INFO 12624 --- [restartedMain] .ConditionEvaluationDeltaLoggingListener : Condition evaluation unchanged
2023-10-10T09:45:43.007+09:00  INFO 12624 --- [File Watcher] rtingClassPathChangeChangedEventListener : Restarting due to 1 class path change (0 additions, 0 deletions, 1 modification)
2023-10-10T09:45:43.011+09:00  INFO 12624 --- [Thread-14] o.apache.catalina.core.StandardService   : Stopping service [Tomcat]
2023-10-10T09:45:43.013+09:00  INFO 12624 --- [Thread-14] j.LocalContainerEntityManagerFactoryBean : Closing JPA EntityManagerFactory for persistence unit 'default'
2023-10-10T09:45:43.013+09:00  INFO 12624 --- [Thread-14] com.zaxxer.hikari.HikariDataSource       : HikariPool-3 - Shutdown initiated...
2023-10-10T09:45:43.017+09:00  INFO 12624 --- [Thread-14] com.zaxxer.hikari.HikariDataSource       : HikariPool-3 - Shutdown completed.
2023-10-10T09:45:43.051+09:00  INFO 12624 --- [restartedMain] kr.ch11.Ch11Application                  : Starting Ch11Application using Java 17.0.8.1 with PID 12624 (C:\Users\Java\Desktop\workspace\Spring\Ch11\target\classes started by Java in C:\Users\Java\Desktop\workspace\Spring\Ch11)
2023-10-10T09:45:43.051+09:00  INFO 12624 --- [restartedMain] kr.ch11.Ch11Application                  : No active profile set, falling back to 1 default profile: "default"
2023-10-10T09:45:43.106+09:00  INFO 12624 --- [restartedMain] .s.d.r.c.RepositoryConfigurationDelegate : Multiple Spring Data modules found, entering strict repository configuration mode
2023-10-10T09:45:43.106+09:00  INFO 12624 --- [restartedMain] .s.d.r.c.RepositoryConfigurationDelegate : Bootstrapping Spring Data JDBC repositories in DEFAULT mode.
2023-10-10T09:45:43.106+09:00  INFO 12624 --- [restartedMain] .s.d.r.c.RepositoryConfigurationDelegate : Finished Spring Data repository scanning in 0 ms. Found 0 JDBC repository interfaces.
2023-10-10T09:45:43.108+09:00  INFO 12624 --- [restartedMain] .s.d.r.c.RepositoryConfigurationDelegate : Multiple Spring Data modules found, entering strict repository configuration mode
2023-10-10T09:45:43.108+09:00  INFO 12624 --- [restartedMain] .s.d.r.c.RepositoryConfigurationDelegate : Bootstrapping Spring Data JPA repositories in DEFAULT mode.
2023-10-10T09:45:43.108+09:00  INFO 12624 --- [restartedMain] .s.d.r.c.RepositoryConfigurationDelegate : Finished Spring Data repository scanning in 0 ms. Found 0 JPA repository interfaces.
2023-10-10T09:45:43.117+09:00  WARN 12624 --- [restartedMain] o.m.s.mapper.ClassPathMapperScanner      : No MyBatis mapper was found in '[kr.ch11]' package. Please check your configuration.
2023-10-10T09:45:43.137+09:00  INFO 12624 --- [restartedMain] o.s.b.w.embedded.tomcat.TomcatWebServer  : Tomcat initialized with port(s): 8080 (http)
2023-10-10T09:45:43.137+09:00  INFO 12624 --- [restartedMain] o.apache.catalina.core.StandardService   : Starting service [Tomcat]
2023-10-10T09:45:43.137+09:00  INFO 12624 --- [restartedMain] o.apache.catalina.core.StandardEngine    : Starting Servlet engine: [Apache Tomcat/10.1.13]
2023-10-10T09:45:43.144+09:00  INFO 12624 --- [restartedMain] o.a.c.c.C.[Tomcat].[localhost].[/Ch11]   : Initializing Spring embedded WebApplicationContext
2023-10-10T09:45:43.144+09:00  INFO 12624 --- [restartedMain] w.s.c.ServletWebServerApplicationContext : Root WebApplicationContext: initialization completed in 92 ms
2023-10-10T09:45:43.156+09:00  INFO 12624 --- [restartedMain] o.hibernate.jpa.internal.util.LogHelper  : HHH000204: Processing PersistenceUnitInfo [name: default]
2023-10-10T09:45:43.158+09:00  INFO 12624 --- [restartedMain] o.h.b.i.BytecodeProviderInitiator        : HHH000021: Bytecode provider name : bytebuddy
2023-10-10T09:45:43.159+09:00  INFO 12624 --- [restartedMain] o.s.o.j.p.SpringPersistenceUnitInfo      : No LoadTimeWeaver setup: ignoring JPA class transformer
2023-10-10T09:45:43.159+09:00  INFO 12624 --- [restartedMain] com.zaxxer.hikari.HikariDataSource       : HikariPool-4 - Starting...
2023-10-10T09:45:43.179+09:00  INFO 12624 --- [restartedMain] com.zaxxer.hikari.pool.HikariPool        : HikariPool-4 - Added connection oracle.jdbc.driver.T4CConnection@511f21b4
2023-10-10T09:45:43.179+09:00  INFO 12624 --- [restartedMain] com.zaxxer.hikari.HikariDataSource       : HikariPool-4 - Start completed.
2023-10-10T09:45:43.180+09:00  WARN 12624 --- [restartedMain] org.hibernate.orm.deprecation            : HHH90000026: Oracle12cDialect has been deprecated; use org.hibernate.dialect.OracleDialect instead
2023-10-10T09:45:43.182+09:00  INFO 12624 --- [restartedMain] o.h.b.i.BytecodeProviderInitiator        : HHH000021: Bytecode provider name : bytebuddy
2023-10-10T09:45:43.184+09:00  INFO 12624 --- [restartedMain] o.h.e.t.j.p.i.JtaPlatformInitiator       : HHH000490: Using JtaPlatform implementation: [org.hibernate.engine.transaction.jta.platform.internal.NoJtaPlatform]
2023-10-10T09:45:43.184+09:00  INFO 12624 --- [restartedMain] j.LocalContainerEntityManagerFactoryBean : Initialized JPA EntityManagerFactory for persistence unit 'default'
2023-10-10T09:45:43.191+09:00  WARN 12624 --- [restartedMain] JpaBaseConfiguration$JpaWebConfiguration : spring.jpa.open-in-view is enabled by default. Therefore, database queries may be performed during view rendering. Explicitly configure spring.jpa.open-in-view to disable this warning
2023-10-10T09:45:43.204+09:00  INFO 12624 --- [restartedMain] o.s.b.a.w.s.WelcomePageHandlerMapping    : Adding welcome page template: index
2023-10-10T09:45:43.233+09:00  INFO 12624 --- [restartedMain] o.s.b.d.a.OptionalLiveReloadServer       : LiveReload server is running on port 35729
2023-10-10T09:45:43.238+09:00  INFO 12624 --- [restartedMain] o.s.b.w.embedded.tomcat.TomcatWebServer  : Tomcat started on port(s): 8080 (http) with context path '/Ch11'
2023-10-10T09:45:43.240+09:00  INFO 12624 --- [restartedMain] kr.ch11.Ch11Application                  : Started Ch11Application in 0.198 seconds (process running for 108.074)
2023-10-10T09:45:43.240+09:00  INFO 12624 --- [restartedMain] .ConditionEvaluationDeltaLoggingListener : Condition evaluation unchanged
2023-10-10T09:45:47.698+09:00  INFO 12624 --- [File Watcher] rtingClassPathChangeChangedEventListener : Restarting due to 1 class path change (0 additions, 0 deletions, 1 modification)
2023-10-10T09:45:47.706+09:00  INFO 12624 --- [Thread-19] o.apache.catalina.core.StandardService   : Stopping service [Tomcat]
2023-10-10T09:45:47.709+09:00  INFO 12624 --- [Thread-19] j.LocalContainerEntityManagerFactoryBean : Closing JPA EntityManagerFactory for persistence unit 'default'
2023-10-10T09:45:47.709+09:00  INFO 12624 --- [Thread-19] com.zaxxer.hikari.HikariDataSource       : HikariPool-4 - Shutdown initiated...
2023-10-10T09:45:47.716+09:00  INFO 12624 --- [Thread-19] com.zaxxer.hikari.HikariDataSource       : HikariPool-4 - Shutdown completed.
