2023-10-11T18:00:46.820+09:00  INFO 31992 --- [restartedMain] kr.co.sboard.SboardApplication           : Starting SboardApplication using Java 17.0.8 with PID 31992 (C:\Users\user\Desktop\Sboard\build\classes\java\main started by user in C:\Users\user\Desktop\Sboard)
2023-10-11T18:00:46.822+09:00  INFO 31992 --- [restartedMain] kr.co.sboard.SboardApplication           : No active profile set, falling back to 1 default profile: "default"
2023-10-11T18:00:46.856+09:00  INFO 31992 --- [restartedMain] .e.DevToolsPropertyDefaultsPostProcessor : Devtools property defaults active! Set 'spring.devtools.add-properties' to 'false' to disable
2023-10-11T18:00:46.857+09:00  INFO 31992 --- [restartedMain] .e.DevToolsPropertyDefaultsPostProcessor : For additional web related logging consider setting the 'logging.level.web' property to 'DEBUG'
2023-10-11T18:00:47.223+09:00  INFO 31992 --- [restartedMain] .s.d.r.c.RepositoryConfigurationDelegate : Bootstrapping Spring Data JPA repositories in DEFAULT mode.
2023-10-11T18:00:47.252+09:00  INFO 31992 --- [restartedMain] .s.d.r.c.RepositoryConfigurationDelegate : Finished Spring Data repository scanning in 23 ms. Found 2 JPA repository interfaces.
2023-10-11T18:00:47.312+09:00  WARN 31992 --- [restartedMain] o.m.s.mapper.ClassPathMapperScanner      : No MyBatis mapper was found in '[kr.co.sboard]' package. Please check your configuration.
2023-10-11T18:00:47.589+09:00  INFO 31992 --- [restartedMain] o.s.b.w.embedded.tomcat.TomcatWebServer  : Tomcat initialized with port(s): 8080 (http)
2023-10-11T18:00:47.595+09:00  INFO 31992 --- [restartedMain] o.apache.catalina.core.StandardService   : Starting service [Tomcat]
2023-10-11T18:00:47.595+09:00  INFO 31992 --- [restartedMain] o.apache.catalina.core.StandardEngine    : Starting Servlet engine: [Apache Tomcat/10.1.13]
2023-10-11T18:00:47.629+09:00  INFO 31992 --- [restartedMain] o.a.c.c.C.[Tomcat].[localhost].[/]       : Initializing Spring embedded WebApplicationContext
2023-10-11T18:00:47.629+09:00  INFO 31992 --- [restartedMain] w.s.c.ServletWebServerApplicationContext : Root WebApplicationContext: initialization completed in 772 ms
2023-10-11T18:00:47.713+09:00  INFO 31992 --- [restartedMain] o.hibernate.jpa.internal.util.LogHelper  : HHH000204: Processing PersistenceUnitInfo [name: default]
2023-10-11T18:00:47.748+09:00  INFO 31992 --- [restartedMain] org.hibernate.Version                    : HHH000412: Hibernate ORM core version 6.2.9.Final
2023-10-11T18:00:47.749+09:00  INFO 31992 --- [restartedMain] org.hibernate.cfg.Environment            : HHH000406: Using bytecode reflection optimizer
2023-10-11T18:00:47.835+09:00  INFO 31992 --- [restartedMain] o.h.b.i.BytecodeProviderInitiator        : HHH000021: Bytecode provider name : bytebuddy
2023-10-11T18:00:47.920+09:00  INFO 31992 --- [restartedMain] o.s.o.j.p.SpringPersistenceUnitInfo      : No LoadTimeWeaver setup: ignoring JPA class transformer
2023-10-11T18:00:47.929+09:00  INFO 31992 --- [restartedMain] com.zaxxer.hikari.HikariDataSource       : HikariPool-1 - Starting...
2023-10-11T18:00:49.959+09:00  INFO 31992 --- [restartedMain] com.zaxxer.hikari.pool.HikariPool        : HikariPool-1 - Added connection com.mysql.cj.jdbc.ConnectionImpl@5c28ca3c
2023-10-11T18:00:49.962+09:00  INFO 31992 --- [restartedMain] com.zaxxer.hikari.HikariDataSource       : HikariPool-1 - Start completed.
2023-10-11T18:00:50.144+09:00  WARN 31992 --- [restartedMain] org.hibernate.orm.deprecation            : HHH90000026: MySQL57Dialect has been deprecated; use org.hibernate.dialect.MySQLDialect instead
2023-10-11T18:00:50.249+09:00  INFO 31992 --- [restartedMain] o.h.b.i.BytecodeProviderInitiator        : HHH000021: Bytecode provider name : bytebuddy
2023-10-11T18:00:50.576+09:00  INFO 31992 --- [restartedMain] o.h.e.t.j.p.i.JtaPlatformInitiator       : HHH000490: Using JtaPlatform implementation: [org.hibernate.engine.transaction.jta.platform.internal.NoJtaPlatform]
2023-10-11T18:00:50.915+09:00  INFO 31992 --- [restartedMain] j.LocalContainerEntityManagerFactoryBean : Initialized JPA EntityManagerFactory for persistence unit 'default'
2023-10-11T18:00:51.100+09:00  WARN 31992 --- [restartedMain] JpaBaseConfiguration$JpaWebConfiguration : spring.jpa.open-in-view is enabled by default. Therefore, database queries may be performed during view rendering. Explicitly configure spring.jpa.open-in-view to disable this warning
2023-10-11T18:00:51.167+09:00  INFO 31992 --- [restartedMain] o.s.b.a.w.s.WelcomePageHandlerMapping    : Adding welcome page template: index
2023-10-11T18:00:51.243+09:00  INFO 31992 --- [restartedMain] o.s.s.web.DefaultSecurityFilterChain     : Will secure any request with [org.springframework.security.web.session.DisableEncodeUrlFilter@6b7b823a, org.springframework.security.web.context.request.async.WebAsyncManagerIntegrationFilter@7a30b7bd, org.springframework.security.web.context.SecurityContextHolderFilter@43127639, org.springframework.security.web.header.HeaderWriterFilter@327d0e89, org.springframework.security.web.authentication.logout.LogoutFilter@38e4f78b, org.springframework.security.web.authentication.UsernamePasswordAuthenticationFilter@91891fd, org.springframework.security.web.savedrequest.RequestCacheAwareFilter@3fc5e636, org.springframework.security.web.servletapi.SecurityContextHolderAwareRequestFilter@5fc8a2fd, org.springframework.security.web.authentication.AnonymousAuthenticationFilter@3113b922, org.springframework.security.web.access.ExceptionTranslationFilter@ff60199, org.springframework.security.web.access.intercept.AuthorizationFilter@40ca221a]
2023-10-11T18:00:51.388+09:00  INFO 31992 --- [restartedMain] o.s.b.d.a.OptionalLiveReloadServer       : LiveReload server is running on port 35729
2023-10-11T18:00:51.408+09:00  INFO 31992 --- [restartedMain] o.s.b.w.embedded.tomcat.TomcatWebServer  : Tomcat started on port(s): 8080 (http) with context path ''
2023-10-11T18:00:51.413+09:00  INFO 31992 --- [restartedMain] kr.co.sboard.SboardApplication           : Started SboardApplication in 4.829 seconds (process running for 5.16)
2023-10-11T18:01:00.934+09:00  INFO 31992 --- [http-nio-8080-exec-1] o.a.c.c.C.[Tomcat].[localhost].[/]       : Initializing Spring DispatcherServlet 'dispatcherServlet'
2023-10-11T18:01:00.934+09:00  INFO 31992 --- [http-nio-8080-exec-1] o.s.web.servlet.DispatcherServlet        : Initializing Servlet 'dispatcherServlet'
2023-10-11T18:01:00.935+09:00  INFO 31992 --- [http-nio-8080-exec-1] o.s.web.servlet.DispatcherServlet        : Completed initialization in 1 ms
2023-10-11T18:01:00.938+09:00 DEBUG 31992 --- [http-nio-8080-exec-1] o.s.security.web.FilterChainProxy        : Securing GET /user/login
2023-10-11T18:01:00.947+09:00 DEBUG 31992 --- [http-nio-8080-exec-1] o.s.security.web.FilterChainProxy        : Secured GET /user/login
2023-10-11T18:01:01.072+09:00 DEBUG 31992 --- [http-nio-8080-exec-1] o.s.s.w.a.AnonymousAuthenticationFilter  : Set SecurityContextHolder to anonymous SecurityContext
2023-10-11T18:01:01.078+09:00 DEBUG 31992 --- [http-nio-8080-exec-2] o.s.security.web.FilterChainProxy        : Securing GET /vendor/bootstrap/css/bootstrap.min.css
2023-10-11T18:01:01.080+09:00 DEBUG 31992 --- [http-nio-8080-exec-4] o.s.security.web.FilterChainProxy        : Securing GET /vendor/metisMenu/metisMenu.min.css
2023-10-11T18:01:01.080+09:00 DEBUG 31992 --- [http-nio-8080-exec-3] o.s.security.web.FilterChainProxy        : Securing GET /dist/css/sb-admin-2.css
2023-10-11T18:01:01.080+09:00 DEBUG 31992 --- [http-nio-8080-exec-5] o.s.security.web.FilterChainProxy        : Securing GET /vendor/font-awesome/css/font-awesome.min.css
2023-10-11T18:01:01.081+09:00 DEBUG 31992 --- [http-nio-8080-exec-7] o.s.security.web.FilterChainProxy        : Securing GET /vendor/bootstrap/js/bootstrap.min.js
2023-10-11T18:01:01.081+09:00 DEBUG 31992 --- [http-nio-8080-exec-6] o.s.security.web.FilterChainProxy        : Securing GET /vendor/jquery/jquery.min.js
2023-10-11T18:01:01.085+09:00 DEBUG 31992 --- [http-nio-8080-exec-7] o.s.security.web.FilterChainProxy        : Secured GET /vendor/bootstrap/js/bootstrap.min.js
2023-10-11T18:01:01.085+09:00 DEBUG 31992 --- [http-nio-8080-exec-6] o.s.security.web.FilterChainProxy        : Secured GET /vendor/jquery/jquery.min.js
2023-10-11T18:01:01.085+09:00 DEBUG 31992 --- [http-nio-8080-exec-2] o.s.security.web.FilterChainProxy        : Secured GET /vendor/bootstrap/css/bootstrap.min.css
2023-10-11T18:01:01.085+09:00 DEBUG 31992 --- [http-nio-8080-exec-5] o.s.security.web.FilterChainProxy        : Secured GET /vendor/font-awesome/css/font-awesome.min.css
2023-10-11T18:01:01.086+09:00 DEBUG 31992 --- [http-nio-8080-exec-3] o.s.security.web.FilterChainProxy        : Secured GET /dist/css/sb-admin-2.css
2023-10-11T18:01:01.086+09:00 DEBUG 31992 --- [http-nio-8080-exec-4] o.s.security.web.FilterChainProxy        : Secured GET /vendor/metisMenu/metisMenu.min.css
2023-10-11T18:01:01.094+09:00 DEBUG 31992 --- [http-nio-8080-exec-5] o.s.s.w.a.AnonymousAuthenticationFilter  : Set SecurityContextHolder to anonymous SecurityContext
2023-10-11T18:01:01.094+09:00 DEBUG 31992 --- [http-nio-8080-exec-3] o.s.s.w.a.AnonymousAuthenticationFilter  : Set SecurityContextHolder to anonymous SecurityContext
2023-10-11T18:01:01.094+09:00 DEBUG 31992 --- [http-nio-8080-exec-4] o.s.s.w.a.AnonymousAuthenticationFilter  : Set SecurityContextHolder to anonymous SecurityContext
2023-10-11T18:01:01.094+09:00 DEBUG 31992 --- [http-nio-8080-exec-7] o.s.s.w.a.AnonymousAuthenticationFilter  : Set SecurityContextHolder to anonymous SecurityContext
2023-10-11T18:01:01.094+09:00 DEBUG 31992 --- [http-nio-8080-exec-6] o.s.s.w.a.AnonymousAuthenticationFilter  : Set SecurityContextHolder to anonymous SecurityContext
2023-10-11T18:01:01.094+09:00 DEBUG 31992 --- [http-nio-8080-exec-2] o.s.s.w.a.AnonymousAuthenticationFilter  : Set SecurityContextHolder to anonymous SecurityContext
2023-10-11T18:01:01.097+09:00 DEBUG 31992 --- [http-nio-8080-exec-9] o.s.security.web.FilterChainProxy        : Securing GET /vendor/metisMenu/metisMenu.min.js
2023-10-11T18:01:01.097+09:00 DEBUG 31992 --- [http-nio-8080-exec-8] o.s.security.web.FilterChainProxy        : Securing GET /dist/js/sb-admin-2.js
2023-10-11T18:01:01.098+09:00 DEBUG 31992 --- [http-nio-8080-exec-9] o.s.security.web.FilterChainProxy        : Secured GET /vendor/metisMenu/metisMenu.min.js
2023-10-11T18:01:01.099+09:00 DEBUG 31992 --- [http-nio-8080-exec-8] o.s.security.web.FilterChainProxy        : Secured GET /dist/js/sb-admin-2.js
2023-10-11T18:01:01.101+09:00 DEBUG 31992 --- [http-nio-8080-exec-9] o.s.s.w.a.AnonymousAuthenticationFilter  : Set SecurityContextHolder to anonymous SecurityContext
2023-10-11T18:01:01.101+09:00 DEBUG 31992 --- [http-nio-8080-exec-8] o.s.s.w.a.AnonymousAuthenticationFilter  : Set SecurityContextHolder to anonymous SecurityContext
2023-10-11T18:01:01.115+09:00 DEBUG 31992 --- [http-nio-8080-exec-10] o.s.security.web.FilterChainProxy        : Securing GET /vendor/bootstrap/css/bootstrap.min.css.map
2023-10-11T18:01:01.116+09:00 DEBUG 31992 --- [http-nio-8080-exec-10] o.s.security.web.FilterChainProxy        : Secured GET /vendor/bootstrap/css/bootstrap.min.css.map
2023-10-11T18:01:01.117+09:00 DEBUG 31992 --- [http-nio-8080-exec-10] o.s.s.w.a.AnonymousAuthenticationFilter  : Set SecurityContextHolder to anonymous SecurityContext
2023-10-11T18:01:01.119+09:00 DEBUG 31992 --- [http-nio-8080-exec-10] o.s.security.web.FilterChainProxy        : Securing GET /error
2023-10-11T18:01:01.122+09:00 DEBUG 31992 --- [http-nio-8080-exec-10] o.s.s.w.a.AnonymousAuthenticationFilter  : Set SecurityContextHolder to anonymous SecurityContext
2023-10-11T18:01:01.136+09:00 DEBUG 31992 --- [http-nio-8080-exec-10] o.s.s.w.s.HttpSessionRequestCache        : Saved request http://localhost:8080/error?continue to session
2023-10-11T18:01:01.138+09:00 DEBUG 31992 --- [http-nio-8080-exec-10] o.s.s.web.DefaultRedirectStrategy        : Redirecting to http://localhost:8080/user/login
2023-10-11T18:01:01.140+09:00 DEBUG 31992 --- [http-nio-8080-exec-1] o.s.security.web.FilterChainProxy        : Securing GET /user/login
2023-10-11T18:01:01.140+09:00 DEBUG 31992 --- [http-nio-8080-exec-1] o.s.security.web.FilterChainProxy        : Secured GET /user/login
2023-10-11T18:01:01.144+09:00 DEBUG 31992 --- [http-nio-8080-exec-1] o.s.s.w.a.AnonymousAuthenticationFilter  : Set SecurityContextHolder to anonymous SecurityContext
2023-10-11T18:01:05.252+09:00 DEBUG 31992 --- [http-nio-8080-exec-5] o.s.security.web.FilterChainProxy        : Securing POST /user/login
2023-10-11T18:01:06.523+09:00 DEBUG 31992 --- [http-nio-8080-exec-5] o.s.s.a.dao.DaoAuthenticationProvider    : Authenticated user
2023-10-11T18:01:06.524+09:00 DEBUG 31992 --- [http-nio-8080-exec-5] .s.ChangeSessionIdAuthenticationStrategy : Changed session id from DF1E3CC6E69B4A830D30C9EE3B9B6E52
2023-10-11T18:01:06.525+09:00 DEBUG 31992 --- [http-nio-8080-exec-5] w.c.HttpSessionSecurityContextRepository : Stored SecurityContextImpl [Authentication=UsernamePasswordAuthenticationToken [Principal=MyUserDetails(user=kr.co.sboard.entity.UserEntity@7be6c8f9), Credentials=[PROTECTED], Authenticated=true, Details=WebAuthenticationDetails [RemoteIpAddress=0:0:0:0:0:0:0:1, SessionId=DF1E3CC6E69B4A830D30C9EE3B9B6E52], Granted Authorities=[ROLE_null]]] to HttpSession [org.apache.catalina.session.StandardSessionFacade@36adb0b3]
2023-10-11T18:01:06.525+09:00 DEBUG 31992 --- [http-nio-8080-exec-5] w.a.UsernamePasswordAuthenticationFilter : Set SecurityContextHolder to UsernamePasswordAuthenticationToken [Principal=MyUserDetails(user=kr.co.sboard.entity.UserEntity@7be6c8f9), Credentials=[PROTECTED], Authenticated=true, Details=WebAuthenticationDetails [RemoteIpAddress=0:0:0:0:0:0:0:1, SessionId=DF1E3CC6E69B4A830D30C9EE3B9B6E52], Granted Authorities=[ROLE_null]]
2023-10-11T18:01:06.525+09:00 DEBUG 31992 --- [http-nio-8080-exec-5] o.s.s.web.DefaultRedirectStrategy        : Redirecting to http://localhost:8080/error?continue
2023-10-11T18:01:06.527+09:00 DEBUG 31992 --- [http-nio-8080-exec-3] o.s.security.web.FilterChainProxy        : Securing GET /error?continue
2023-10-11T18:01:06.530+09:00 DEBUG 31992 --- [http-nio-8080-exec-3] o.s.s.w.s.HttpSessionRequestCache        : Loaded matching saved request http://localhost:8080/error?continue
2023-10-11T18:01:06.531+09:00 DEBUG 31992 --- [http-nio-8080-exec-3] w.c.HttpSessionSecurityContextRepository : Retrieved SecurityContextImpl [Authentication=UsernamePasswordAuthenticationToken [Principal=MyUserDetails(user=kr.co.sboard.entity.UserEntity@7be6c8f9), Credentials=[PROTECTED], Authenticated=true, Details=WebAuthenticationDetails [RemoteIpAddress=0:0:0:0:0:0:0:1, SessionId=DF1E3CC6E69B4A830D30C9EE3B9B6E52], Granted Authorities=[ROLE_null]]]
2023-10-11T18:01:06.531+09:00 DEBUG 31992 --- [http-nio-8080-exec-3] o.s.s.w.access.AccessDeniedHandlerImpl   : Responding with 403 status code
2023-10-11T18:01:06.531+09:00 DEBUG 31992 --- [http-nio-8080-exec-3] o.s.security.web.FilterChainProxy        : Securing GET /error?continue
2023-10-11T18:01:06.533+09:00 DEBUG 31992 --- [http-nio-8080-exec-3] w.c.HttpSessionSecurityContextRepository : Retrieved SecurityContextImpl [Authentication=UsernamePasswordAuthenticationToken [Principal=MyUserDetails(user=kr.co.sboard.entity.UserEntity@7be6c8f9), Credentials=[PROTECTED], Authenticated=true, Details=WebAuthenticationDetails [RemoteIpAddress=0:0:0:0:0:0:0:1, SessionId=DF1E3CC6E69B4A830D30C9EE3B9B6E52], Granted Authorities=[ROLE_null]]]
2023-10-11T18:01:06.533+09:00 DEBUG 31992 --- [http-nio-8080-exec-3] o.s.s.w.access.AccessDeniedHandlerImpl   : Responding with 403 status code
2023-10-11T18:01:08.196+09:00 DEBUG 31992 --- [http-nio-8080-exec-6] o.s.security.web.FilterChainProxy        : Securing GET /user/login
2023-10-11T18:01:08.196+09:00 DEBUG 31992 --- [http-nio-8080-exec-6] o.s.security.web.FilterChainProxy        : Secured GET /user/login
2023-10-11T18:01:08.201+09:00 DEBUG 31992 --- [http-nio-8080-exec-6] w.c.HttpSessionSecurityContextRepository : Retrieved SecurityContextImpl [Authentication=UsernamePasswordAuthenticationToken [Principal=MyUserDetails(user=kr.co.sboard.entity.UserEntity@7be6c8f9), Credentials=[PROTECTED], Authenticated=true, Details=WebAuthenticationDetails [RemoteIpAddress=0:0:0:0:0:0:0:1, SessionId=DF1E3CC6E69B4A830D30C9EE3B9B6E52], Granted Authorities=[ROLE_null]]]
2023-10-11T18:01:08.212+09:00 DEBUG 31992 --- [http-nio-8080-exec-4] o.s.security.web.FilterChainProxy        : Securing GET /vendor/bootstrap/css/bootstrap.min.css
2023-10-11T18:01:08.214+09:00 DEBUG 31992 --- [http-nio-8080-exec-4] o.s.security.web.FilterChainProxy        : Secured GET /vendor/bootstrap/css/bootstrap.min.css
2023-10-11T18:01:08.215+09:00 DEBUG 31992 --- [http-nio-8080-exec-2] o.s.security.web.FilterChainProxy        : Securing GET /vendor/metisMenu/metisMenu.min.css
2023-10-11T18:01:08.215+09:00 DEBUG 31992 --- [http-nio-8080-exec-9] o.s.security.web.FilterChainProxy        : Securing GET /vendor/font-awesome/css/font-awesome.min.css
2023-10-11T18:01:08.215+09:00 DEBUG 31992 --- [http-nio-8080-exec-7] o.s.security.web.FilterChainProxy        : Securing GET /dist/css/sb-admin-2.css
2023-10-11T18:01:08.215+09:00 DEBUG 31992 --- [http-nio-8080-exec-8] o.s.security.web.FilterChainProxy        : Securing GET /vendor/jquery/jquery.min.js
2023-10-11T18:01:08.215+09:00 DEBUG 31992 --- [http-nio-8080-exec-10] o.s.security.web.FilterChainProxy        : Securing GET /vendor/bootstrap/js/bootstrap.min.js
2023-10-11T18:01:08.215+09:00 DEBUG 31992 --- [http-nio-8080-exec-9] o.s.security.web.FilterChainProxy        : Secured GET /vendor/font-awesome/css/font-awesome.min.css
2023-10-11T18:01:08.215+09:00 DEBUG 31992 --- [http-nio-8080-exec-2] o.s.security.web.FilterChainProxy        : Secured GET /vendor/metisMenu/metisMenu.min.css
2023-10-11T18:01:08.216+09:00 DEBUG 31992 --- [http-nio-8080-exec-7] o.s.security.web.FilterChainProxy        : Secured GET /dist/css/sb-admin-2.css
2023-10-11T18:01:08.216+09:00 DEBUG 31992 --- [http-nio-8080-exec-10] o.s.security.web.FilterChainProxy        : Secured GET /vendor/bootstrap/js/bootstrap.min.js
2023-10-11T18:01:08.216+09:00 DEBUG 31992 --- [http-nio-8080-exec-8] o.s.security.web.FilterChainProxy        : Secured GET /vendor/jquery/jquery.min.js
2023-10-11T18:01:08.217+09:00 DEBUG 31992 --- [http-nio-8080-exec-4] w.c.HttpSessionSecurityContextRepository : Retrieved SecurityContextImpl [Authentication=UsernamePasswordAuthenticationToken [Principal=MyUserDetails(user=kr.co.sboard.entity.UserEntity@7be6c8f9), Credentials=[PROTECTED], Authenticated=true, Details=WebAuthenticationDetails [RemoteIpAddress=0:0:0:0:0:0:0:1, SessionId=DF1E3CC6E69B4A830D30C9EE3B9B6E52], Granted Authorities=[ROLE_null]]]
2023-10-11T18:01:08.217+09:00 DEBUG 31992 --- [http-nio-8080-exec-2] w.c.HttpSessionSecurityContextRepository : Retrieved SecurityContextImpl [Authentication=UsernamePasswordAuthenticationToken [Principal=MyUserDetails(user=kr.co.sboard.entity.UserEntity@7be6c8f9), Credentials=[PROTECTED], Authenticated=true, Details=WebAuthenticationDetails [RemoteIpAddress=0:0:0:0:0:0:0:1, SessionId=DF1E3CC6E69B4A830D30C9EE3B9B6E52], Granted Authorities=[ROLE_null]]]
2023-10-11T18:01:08.217+09:00 DEBUG 31992 --- [http-nio-8080-exec-7] w.c.HttpSessionSecurityContextRepository : Retrieved SecurityContextImpl [Authentication=UsernamePasswordAuthenticationToken [Principal=MyUserDetails(user=kr.co.sboard.entity.UserEntity@7be6c8f9), Credentials=[PROTECTED], Authenticated=true, Details=WebAuthenticationDetails [RemoteIpAddress=0:0:0:0:0:0:0:1, SessionId=DF1E3CC6E69B4A830D30C9EE3B9B6E52], Granted Authorities=[ROLE_null]]]
2023-10-11T18:01:08.217+09:00 DEBUG 31992 --- [http-nio-8080-exec-9] w.c.HttpSessionSecurityContextRepository : Retrieved SecurityContextImpl [Authentication=UsernamePasswordAuthenticationToken [Principal=MyUserDetails(user=kr.co.sboard.entity.UserEntity@7be6c8f9), Credentials=[PROTECTED], Authenticated=true, Details=WebAuthenticationDetails [RemoteIpAddress=0:0:0:0:0:0:0:1, SessionId=DF1E3CC6E69B4A830D30C9EE3B9B6E52], Granted Authorities=[ROLE_null]]]
2023-10-11T18:01:08.218+09:00 DEBUG 31992 --- [http-nio-8080-exec-10] w.c.HttpSessionSecurityContextRepository : Retrieved SecurityContextImpl [Authentication=UsernamePasswordAuthenticationToken [Principal=MyUserDetails(user=kr.co.sboard.entity.UserEntity@7be6c8f9), Credentials=[PROTECTED], Authenticated=true, Details=WebAuthenticationDetails [RemoteIpAddress=0:0:0:0:0:0:0:1, SessionId=DF1E3CC6E69B4A830D30C9EE3B9B6E52], Granted Authorities=[ROLE_null]]]
2023-10-11T18:01:08.218+09:00 DEBUG 31992 --- [http-nio-8080-exec-7] o.s.security.web.FilterChainProxy        : Securing GET /vendor/metisMenu/metisMenu.min.js
2023-10-11T18:01:08.218+09:00 DEBUG 31992 --- [http-nio-8080-exec-8] w.c.HttpSessionSecurityContextRepository : Retrieved SecurityContextImpl [Authentication=UsernamePasswordAuthenticationToken [Principal=MyUserDetails(user=kr.co.sboard.entity.UserEntity@7be6c8f9), Credentials=[PROTECTED], Authenticated=true, Details=WebAuthenticationDetails [RemoteIpAddress=0:0:0:0:0:0:0:1, SessionId=DF1E3CC6E69B4A830D30C9EE3B9B6E52], Granted Authorities=[ROLE_null]]]
2023-10-11T18:01:08.218+09:00 DEBUG 31992 --- [http-nio-8080-exec-7] o.s.security.web.FilterChainProxy        : Secured GET /vendor/metisMenu/metisMenu.min.js
2023-10-11T18:01:08.220+09:00 DEBUG 31992 --- [http-nio-8080-exec-5] o.s.security.web.FilterChainProxy        : Securing GET /dist/js/sb-admin-2.js
2023-10-11T18:01:08.220+09:00 DEBUG 31992 --- [http-nio-8080-exec-5] o.s.security.web.FilterChainProxy        : Secured GET /dist/js/sb-admin-2.js
2023-10-11T18:01:08.221+09:00 DEBUG 31992 --- [http-nio-8080-exec-7] w.c.HttpSessionSecurityContextRepository : Retrieved SecurityContextImpl [Authentication=UsernamePasswordAuthenticationToken [Principal=MyUserDetails(user=kr.co.sboard.entity.UserEntity@7be6c8f9), Credentials=[PROTECTED], Authenticated=true, Details=WebAuthenticationDetails [RemoteIpAddress=0:0:0:0:0:0:0:1, SessionId=DF1E3CC6E69B4A830D30C9EE3B9B6E52], Granted Authorities=[ROLE_null]]]
2023-10-11T18:01:08.222+09:00 DEBUG 31992 --- [http-nio-8080-exec-5] w.c.HttpSessionSecurityContextRepository : Retrieved SecurityContextImpl [Authentication=UsernamePasswordAuthenticationToken [Principal=MyUserDetails(user=kr.co.sboard.entity.UserEntity@7be6c8f9), Credentials=[PROTECTED], Authenticated=true, Details=WebAuthenticationDetails [RemoteIpAddress=0:0:0:0:0:0:0:1, SessionId=DF1E3CC6E69B4A830D30C9EE3B9B6E52], Granted Authorities=[ROLE_null]]]
2023-10-11T18:01:08.239+09:00 DEBUG 31992 --- [http-nio-8080-exec-3] o.s.security.web.FilterChainProxy        : Securing GET /vendor/bootstrap/css/bootstrap.min.css.map
2023-10-11T18:01:08.240+09:00 DEBUG 31992 --- [http-nio-8080-exec-3] o.s.security.web.FilterChainProxy        : Secured GET /vendor/bootstrap/css/bootstrap.min.css.map
2023-10-11T18:01:08.242+09:00 DEBUG 31992 --- [http-nio-8080-exec-3] w.c.HttpSessionSecurityContextRepository : Retrieved SecurityContextImpl [Authentication=UsernamePasswordAuthenticationToken [Principal=MyUserDetails(user=kr.co.sboard.entity.UserEntity@7be6c8f9), Credentials=[PROTECTED], Authenticated=true, Details=WebAuthenticationDetails [RemoteIpAddress=0:0:0:0:0:0:0:1, SessionId=DF1E3CC6E69B4A830D30C9EE3B9B6E52], Granted Authorities=[ROLE_null]]]
2023-10-11T18:01:08.242+09:00 DEBUG 31992 --- [http-nio-8080-exec-3] o.s.security.web.FilterChainProxy        : Securing GET /error
2023-10-11T18:01:08.243+09:00 DEBUG 31992 --- [http-nio-8080-exec-3] w.c.HttpSessionSecurityContextRepository : Retrieved SecurityContextImpl [Authentication=UsernamePasswordAuthenticationToken [Principal=MyUserDetails(user=kr.co.sboard.entity.UserEntity@7be6c8f9), Credentials=[PROTECTED], Authenticated=true, Details=WebAuthenticationDetails [RemoteIpAddress=0:0:0:0:0:0:0:1, SessionId=DF1E3CC6E69B4A830D30C9EE3B9B6E52], Granted Authorities=[ROLE_null]]]
2023-10-11T18:01:08.243+09:00 DEBUG 31992 --- [http-nio-8080-exec-3] o.s.s.w.access.AccessDeniedHandlerImpl   : Responding with 403 status code
2023-10-11T18:04:29.020+09:00  INFO 31992 --- [SpringApplicationShutdownHook] j.LocalContainerEntityManagerFactoryBean : Closing JPA EntityManagerFactory for persistence unit 'default'
2023-10-11T18:04:29.022+09:00  INFO 31992 --- [SpringApplicationShutdownHook] com.zaxxer.hikari.HikariDataSource       : HikariPool-1 - Shutdown initiated...
2023-10-11T18:04:30.576+09:00  INFO 31992 --- [SpringApplicationShutdownHook] com.zaxxer.hikari.HikariDataSource       : HikariPool-1 - Shutdown completed.
2023-10-11T18:38:11.542+09:00  INFO 43780 --- [restartedMain] kr.co.sboard.SboardApplication           : Starting SboardApplication using Java 17.0.8 with PID 43780 (C:\Users\user\Desktop\Sboard\build\classes\java\main started by user in C:\Users\user\Desktop\Sboard)
2023-10-11T18:38:11.543+09:00  INFO 43780 --- [restartedMain] kr.co.sboard.SboardApplication           : No active profile set, falling back to 1 default profile: "default"
2023-10-11T18:38:11.567+09:00  INFO 43780 --- [restartedMain] .e.DevToolsPropertyDefaultsPostProcessor : Devtools property defaults active! Set 'spring.devtools.add-properties' to 'false' to disable
2023-10-11T18:38:11.567+09:00  INFO 43780 --- [restartedMain] .e.DevToolsPropertyDefaultsPostProcessor : For additional web related logging consider setting the 'logging.level.web' property to 'DEBUG'
2023-10-11T18:38:11.953+09:00  INFO 43780 --- [restartedMain] .s.d.r.c.RepositoryConfigurationDelegate : Bootstrapping Spring Data JPA repositories in DEFAULT mode.
2023-10-11T18:38:11.980+09:00  INFO 43780 --- [restartedMain] .s.d.r.c.RepositoryConfigurationDelegate : Finished Spring Data repository scanning in 22 ms. Found 2 JPA repository interfaces.
2023-10-11T18:38:12.045+09:00  WARN 43780 --- [restartedMain] o.m.s.mapper.ClassPathMapperScanner      : No MyBatis mapper was found in '[kr.co.sboard]' package. Please check your configuration.
2023-10-11T18:38:12.383+09:00  INFO 43780 --- [restartedMain] o.s.b.w.embedded.tomcat.TomcatWebServer  : Tomcat initialized with port(s): 8080 (http)
2023-10-11T18:38:12.389+09:00  INFO 43780 --- [restartedMain] o.apache.catalina.core.StandardService   : Starting service [Tomcat]
2023-10-11T18:38:12.390+09:00  INFO 43780 --- [restartedMain] o.apache.catalina.core.StandardEngine    : Starting Servlet engine: [Apache Tomcat/10.1.13]
2023-10-11T18:38:12.425+09:00  INFO 43780 --- [restartedMain] o.a.c.c.C.[Tomcat].[localhost].[/]       : Initializing Spring embedded WebApplicationContext
2023-10-11T18:38:12.425+09:00  INFO 43780 --- [restartedMain] w.s.c.ServletWebServerApplicationContext : Root WebApplicationContext: initialization completed in 858 ms
2023-10-11T18:38:12.462+09:00  WARN 43780 --- [restartedMain] o.a.c.c.C.[Tomcat].[localhost].[/]       : Cannot deserialize session attribute [SPRING_SECURITY_CONTEXT] for session [8190F7C5B1A026C0552068469AC456ED]
2023-10-11T18:38:12.528+09:00  INFO 43780 --- [restartedMain] o.hibernate.jpa.internal.util.LogHelper  : HHH000204: Processing PersistenceUnitInfo [name: default]
2023-10-11T18:38:12.561+09:00  INFO 43780 --- [restartedMain] org.hibernate.Version                    : HHH000412: Hibernate ORM core version 6.2.9.Final
2023-10-11T18:38:12.563+09:00  INFO 43780 --- [restartedMain] org.hibernate.cfg.Environment            : HHH000406: Using bytecode reflection optimizer
2023-10-11T18:38:12.652+09:00  INFO 43780 --- [restartedMain] o.h.b.i.BytecodeProviderInitiator        : HHH000021: Bytecode provider name : bytebuddy
2023-10-11T18:38:12.737+09:00  INFO 43780 --- [restartedMain] o.s.o.j.p.SpringPersistenceUnitInfo      : No LoadTimeWeaver setup: ignoring JPA class transformer
2023-10-11T18:38:12.750+09:00  INFO 43780 --- [restartedMain] com.zaxxer.hikari.HikariDataSource       : HikariPool-1 - Starting...
2023-10-11T18:38:14.783+09:00  INFO 43780 --- [restartedMain] com.zaxxer.hikari.pool.HikariPool        : HikariPool-1 - Added connection com.mysql.cj.jdbc.ConnectionImpl@3a7b436
2023-10-11T18:38:14.786+09:00  INFO 43780 --- [restartedMain] com.zaxxer.hikari.HikariDataSource       : HikariPool-1 - Start completed.
2023-10-11T18:38:14.976+09:00  WARN 43780 --- [restartedMain] org.hibernate.orm.deprecation            : HHH90000026: MySQL57Dialect has been deprecated; use org.hibernate.dialect.MySQLDialect instead
2023-10-11T18:38:15.121+09:00  INFO 43780 --- [restartedMain] o.h.b.i.BytecodeProviderInitiator        : HHH000021: Bytecode provider name : bytebuddy
2023-10-11T18:38:15.581+09:00  INFO 43780 --- [restartedMain] o.h.e.t.j.p.i.JtaPlatformInitiator       : HHH000490: Using JtaPlatform implementation: [org.hibernate.engine.transaction.jta.platform.internal.NoJtaPlatform]
2023-10-11T18:38:16.082+09:00  INFO 43780 --- [restartedMain] j.LocalContainerEntityManagerFactoryBean : Initialized JPA EntityManagerFactory for persistence unit 'default'
2023-10-11T18:38:16.266+09:00  WARN 43780 --- [restartedMain] JpaBaseConfiguration$JpaWebConfiguration : spring.jpa.open-in-view is enabled by default. Therefore, database queries may be performed during view rendering. Explicitly configure spring.jpa.open-in-view to disable this warning
2023-10-11T18:38:16.334+09:00  INFO 43780 --- [restartedMain] o.s.b.a.w.s.WelcomePageHandlerMapping    : Adding welcome page template: index
2023-10-11T18:38:16.410+09:00  INFO 43780 --- [restartedMain] o.s.s.web.DefaultSecurityFilterChain     : Will secure any request with [org.springframework.security.web.session.DisableEncodeUrlFilter@549460c4, org.springframework.security.web.context.request.async.WebAsyncManagerIntegrationFilter@6cad51a6, org.springframework.security.web.context.SecurityContextHolderFilter@2ee2e4ae, org.springframework.security.web.header.HeaderWriterFilter@179a2bef, org.springframework.security.web.authentication.logout.LogoutFilter@5d670d40, org.springframework.security.web.authentication.UsernamePasswordAuthenticationFilter@50b5c6a8, org.springframework.security.web.savedrequest.RequestCacheAwareFilter@534188f2, org.springframework.security.web.servletapi.SecurityContextHolderAwareRequestFilter@262b38ea, org.springframework.security.web.authentication.AnonymousAuthenticationFilter@13e19ec, org.springframework.security.web.access.ExceptionTranslationFilter@77a1efea, org.springframework.security.web.access.intercept.AuthorizationFilter@7d7fada]
2023-10-11T18:38:16.563+09:00  INFO 43780 --- [restartedMain] o.s.b.d.a.OptionalLiveReloadServer       : LiveReload server is running on port 35729
2023-10-11T18:38:16.582+09:00  INFO 43780 --- [restartedMain] o.s.b.w.embedded.tomcat.TomcatWebServer  : Tomcat started on port(s): 8080 (http) with context path ''
2023-10-11T18:38:16.587+09:00  INFO 43780 --- [restartedMain] kr.co.sboard.SboardApplication           : Started SboardApplication in 5.279 seconds (process running for 5.639)
2023-10-11T18:38:16.617+09:00  INFO 43780 --- [http-nio-8080-exec-1] o.a.c.c.C.[Tomcat].[localhost].[/]       : Initializing Spring DispatcherServlet 'dispatcherServlet'
2023-10-11T18:38:16.617+09:00  INFO 43780 --- [http-nio-8080-exec-1] o.s.web.servlet.DispatcherServlet        : Initializing Servlet 'dispatcherServlet'
2023-10-11T18:38:16.617+09:00  INFO 43780 --- [http-nio-8080-exec-1] o.s.web.servlet.DispatcherServlet        : Completed initialization in 0 ms
2023-10-11T18:38:16.622+09:00 DEBUG 43780 --- [http-nio-8080-exec-1] o.s.security.web.FilterChainProxy        : Securing GET /
2023-10-11T18:38:16.630+09:00 DEBUG 43780 --- [http-nio-8080-exec-1] o.s.s.w.a.AnonymousAuthenticationFilter  : Set SecurityContextHolder to anonymous SecurityContext
2023-10-11T18:38:16.643+09:00 DEBUG 43780 --- [http-nio-8080-exec-1] o.s.s.w.s.HttpSessionRequestCache        : Saved request http://localhost:8080/?continue to session
2023-10-11T18:38:16.644+09:00 DEBUG 43780 --- [http-nio-8080-exec-1] o.s.s.web.DefaultRedirectStrategy        : Redirecting to http://localhost:8080/user/login
2023-10-11T18:38:16.647+09:00 DEBUG 43780 --- [http-nio-8080-exec-3] o.s.security.web.FilterChainProxy        : Securing GET /user/login
2023-10-11T18:38:16.648+09:00 DEBUG 43780 --- [http-nio-8080-exec-3] o.s.security.web.FilterChainProxy        : Secured GET /user/login
2023-10-11T18:38:16.774+09:00 DEBUG 43780 --- [http-nio-8080-exec-3] o.s.s.w.a.AnonymousAuthenticationFilter  : Set SecurityContextHolder to anonymous SecurityContext
2023-10-11T18:38:16.785+09:00 DEBUG 43780 --- [http-nio-8080-exec-2] o.s.security.web.FilterChainProxy        : Securing GET /vendor/bootstrap/css/bootstrap.min.css
2023-10-11T18:38:16.790+09:00 DEBUG 43780 --- [http-nio-8080-exec-5] o.s.security.web.FilterChainProxy        : Securing GET /dist/css/sb-admin-2.css
2023-10-11T18:38:16.790+09:00 DEBUG 43780 --- [http-nio-8080-exec-9] o.s.security.web.FilterChainProxy        : Securing GET /vendor/metisMenu/metisMenu.min.css
2023-10-11T18:38:16.790+09:00 DEBUG 43780 --- [http-nio-8080-exec-6] o.s.security.web.FilterChainProxy        : Securing GET /vendor/font-awesome/css/font-awesome.min.css
2023-10-11T18:38:16.793+09:00 DEBUG 43780 --- [http-nio-8080-exec-9] o.s.security.web.FilterChainProxy        : Secured GET /vendor/metisMenu/metisMenu.min.css
2023-10-11T18:38:16.793+09:00 DEBUG 43780 --- [http-nio-8080-exec-5] o.s.security.web.FilterChainProxy        : Secured GET /dist/css/sb-admin-2.css
2023-10-11T18:38:16.793+09:00 DEBUG 43780 --- [http-nio-8080-exec-6] o.s.security.web.FilterChainProxy        : Secured GET /vendor/font-awesome/css/font-awesome.min.css
2023-10-11T18:38:16.794+09:00 DEBUG 43780 --- [http-nio-8080-exec-2] o.s.security.web.FilterChainProxy        : Secured GET /vendor/bootstrap/css/bootstrap.min.css
2023-10-11T18:38:16.803+09:00 DEBUG 43780 --- [http-nio-8080-exec-6] o.s.s.w.a.AnonymousAuthenticationFilter  : Set SecurityContextHolder to anonymous SecurityContext
2023-10-11T18:38:16.803+09:00 DEBUG 43780 --- [http-nio-8080-exec-5] o.s.s.w.a.AnonymousAuthenticationFilter  : Set SecurityContextHolder to anonymous SecurityContext
2023-10-11T18:38:16.803+09:00 DEBUG 43780 --- [http-nio-8080-exec-9] o.s.s.w.a.AnonymousAuthenticationFilter  : Set SecurityContextHolder to anonymous SecurityContext
2023-10-11T18:38:16.804+09:00 DEBUG 43780 --- [http-nio-8080-exec-2] o.s.s.w.a.AnonymousAuthenticationFilter  : Set SecurityContextHolder to anonymous SecurityContext
2023-10-11T18:38:16.806+09:00 DEBUG 43780 --- [http-nio-8080-exec-8] o.s.security.web.FilterChainProxy        : Securing GET /vendor/bootstrap/js/bootstrap.min.js
2023-10-11T18:38:16.806+09:00 DEBUG 43780 --- [http-nio-8080-exec-10] o.s.security.web.FilterChainProxy        : Securing GET /vendor/metisMenu/metisMenu.min.js
2023-10-11T18:38:16.806+09:00 DEBUG 43780 --- [http-nio-8080-exec-7] o.s.security.web.FilterChainProxy        : Securing GET /vendor/jquery/jquery.min.js
2023-10-11T18:38:16.806+09:00 DEBUG 43780 --- [http-nio-8080-exec-4] o.s.security.web.FilterChainProxy        : Securing GET /dist/js/sb-admin-2.js
2023-10-11T18:38:16.807+09:00 DEBUG 43780 --- [http-nio-8080-exec-7] o.s.security.web.FilterChainProxy        : Secured GET /vendor/jquery/jquery.min.js
2023-10-11T18:38:16.807+09:00 DEBUG 43780 --- [http-nio-8080-exec-8] o.s.security.web.FilterChainProxy        : Secured GET /vendor/bootstrap/js/bootstrap.min.js
2023-10-11T18:38:16.807+09:00 DEBUG 43780 --- [http-nio-8080-exec-4] o.s.security.web.FilterChainProxy        : Secured GET /dist/js/sb-admin-2.js
2023-10-11T18:38:16.807+09:00 DEBUG 43780 --- [http-nio-8080-exec-10] o.s.security.web.FilterChainProxy        : Secured GET /vendor/metisMenu/metisMenu.min.js
2023-10-11T18:38:16.808+09:00 DEBUG 43780 --- [http-nio-8080-exec-4] o.s.s.w.a.AnonymousAuthenticationFilter  : Set SecurityContextHolder to anonymous SecurityContext
2023-10-11T18:38:16.809+09:00 DEBUG 43780 --- [http-nio-8080-exec-10] o.s.s.w.a.AnonymousAuthenticationFilter  : Set SecurityContextHolder to anonymous SecurityContext
2023-10-11T18:38:16.809+09:00 DEBUG 43780 --- [http-nio-8080-exec-7] o.s.s.w.a.AnonymousAuthenticationFilter  : Set SecurityContextHolder to anonymous SecurityContext
2023-10-11T18:38:16.809+09:00 DEBUG 43780 --- [http-nio-8080-exec-8] o.s.s.w.a.AnonymousAuthenticationFilter  : Set SecurityContextHolder to anonymous SecurityContext
2023-10-11T18:38:19.806+09:00 DEBUG 43780 --- [http-nio-8080-exec-1] o.s.security.web.FilterChainProxy        : Securing POST /user/login
2023-10-11T18:38:21.052+09:00 DEBUG 43780 --- [http-nio-8080-exec-1] o.s.s.a.dao.DaoAuthenticationProvider    : Failed to find user 'v'
2023-10-11T18:38:21.054+09:00 DEBUG 43780 --- [http-nio-8080-exec-1] o.s.s.web.DefaultRedirectStrategy        : Redirecting to /user/login?success=100
2023-10-11T18:38:21.056+09:00 DEBUG 43780 --- [http-nio-8080-exec-3] o.s.security.web.FilterChainProxy        : Securing GET /user/login?success=100
2023-10-11T18:38:21.059+09:00 DEBUG 43780 --- [http-nio-8080-exec-3] o.s.security.web.FilterChainProxy        : Secured GET /user/login?success=100
2023-10-11T18:38:21.061+09:00 DEBUG 43780 --- [http-nio-8080-exec-3] o.s.s.w.a.AnonymousAuthenticationFilter  : Set SecurityContextHolder to anonymous SecurityContext
2023-10-11T18:38:21.068+09:00 DEBUG 43780 --- [http-nio-8080-exec-9] o.s.security.web.FilterChainProxy        : Securing GET /vendor/bootstrap/css/bootstrap.min.css
2023-10-11T18:38:21.068+09:00 DEBUG 43780 --- [http-nio-8080-exec-6] o.s.security.web.FilterChainProxy        : Securing GET /dist/css/sb-admin-2.css
2023-10-11T18:38:21.068+09:00 DEBUG 43780 --- [http-nio-8080-exec-5] o.s.security.web.FilterChainProxy        : Securing GET /vendor/font-awesome/css/font-awesome.min.css
2023-10-11T18:38:21.068+09:00 DEBUG 43780 --- [http-nio-8080-exec-2] o.s.security.web.FilterChainProxy        : Securing GET /vendor/metisMenu/metisMenu.min.css
2023-10-11T18:38:21.068+09:00 DEBUG 43780 --- [http-nio-8080-exec-4] o.s.security.web.FilterChainProxy        : Securing GET /vendor/jquery/jquery.min.js
2023-10-11T18:38:21.069+09:00 DEBUG 43780 --- [http-nio-8080-exec-10] o.s.security.web.FilterChainProxy        : Securing GET /vendor/bootstrap/js/bootstrap.min.js
2023-10-11T18:38:21.069+09:00 DEBUG 43780 --- [http-nio-8080-exec-9] o.s.security.web.FilterChainProxy        : Secured GET /vendor/bootstrap/css/bootstrap.min.css
2023-10-11T18:38:21.069+09:00 DEBUG 43780 --- [http-nio-8080-exec-5] o.s.security.web.FilterChainProxy        : Secured GET /vendor/font-awesome/css/font-awesome.min.css
2023-10-11T18:38:21.069+09:00 DEBUG 43780 --- [http-nio-8080-exec-4] o.s.security.web.FilterChainProxy        : Secured GET /vendor/jquery/jquery.min.js
2023-10-11T18:38:21.069+09:00 DEBUG 43780 --- [http-nio-8080-exec-2] o.s.security.web.FilterChainProxy        : Secured GET /vendor/metisMenu/metisMenu.min.css
2023-10-11T18:38:21.069+09:00 DEBUG 43780 --- [http-nio-8080-exec-10] o.s.security.web.FilterChainProxy        : Secured GET /vendor/bootstrap/js/bootstrap.min.js
2023-10-11T18:38:21.070+09:00 DEBUG 43780 --- [http-nio-8080-exec-6] o.s.security.web.FilterChainProxy        : Secured GET /dist/css/sb-admin-2.css
2023-10-11T18:38:21.071+09:00 DEBUG 43780 --- [http-nio-8080-exec-10] o.s.s.w.a.AnonymousAuthenticationFilter  : Set SecurityContextHolder to anonymous SecurityContext
2023-10-11T18:38:21.071+09:00 DEBUG 43780 --- [http-nio-8080-exec-5] o.s.s.w.a.AnonymousAuthenticationFilter  : Set SecurityContextHolder to anonymous SecurityContext
2023-10-11T18:38:21.071+09:00 DEBUG 43780 --- [http-nio-8080-exec-9] o.s.s.w.a.AnonymousAuthenticationFilter  : Set SecurityContextHolder to anonymous SecurityContext
2023-10-11T18:38:21.071+09:00 DEBUG 43780 --- [http-nio-8080-exec-2] o.s.s.w.a.AnonymousAuthenticationFilter  : Set SecurityContextHolder to anonymous SecurityContext
2023-10-11T18:38:21.073+09:00 DEBUG 43780 --- [http-nio-8080-exec-4] o.s.s.w.a.AnonymousAuthenticationFilter  : Set SecurityContextHolder to anonymous SecurityContext
2023-10-11T18:38:21.073+09:00 DEBUG 43780 --- [http-nio-8080-exec-6] o.s.s.w.a.AnonymousAuthenticationFilter  : Set SecurityContextHolder to anonymous SecurityContext
2023-10-11T18:38:21.074+09:00 DEBUG 43780 --- [http-nio-8080-exec-8] o.s.security.web.FilterChainProxy        : Securing GET /dist/js/sb-admin-2.js
2023-10-11T18:38:21.074+09:00 DEBUG 43780 --- [http-nio-8080-exec-7] o.s.security.web.FilterChainProxy        : Securing GET /vendor/metisMenu/metisMenu.min.js
2023-10-11T18:38:21.075+09:00 DEBUG 43780 --- [http-nio-8080-exec-8] o.s.security.web.FilterChainProxy        : Secured GET /dist/js/sb-admin-2.js
2023-10-11T18:38:21.075+09:00 DEBUG 43780 --- [http-nio-8080-exec-7] o.s.security.web.FilterChainProxy        : Secured GET /vendor/metisMenu/metisMenu.min.js
2023-10-11T18:38:21.076+09:00 DEBUG 43780 --- [http-nio-8080-exec-8] o.s.s.w.a.AnonymousAuthenticationFilter  : Set SecurityContextHolder to anonymous SecurityContext
2023-10-11T18:38:21.076+09:00 DEBUG 43780 --- [http-nio-8080-exec-7] o.s.s.w.a.AnonymousAuthenticationFilter  : Set SecurityContextHolder to anonymous SecurityContext
2023-10-11T18:38:21.207+09:00 DEBUG 43780 --- [http-nio-8080-exec-1] o.s.security.web.FilterChainProxy        : Securing POST /user/login?success=100
2023-10-11T18:38:22.210+09:00 DEBUG 43780 --- [http-nio-8080-exec-1] o.s.s.a.dao.DaoAuthenticationProvider    : Failed to find user ''
2023-10-11T18:38:22.211+09:00 DEBUG 43780 --- [http-nio-8080-exec-1] o.s.s.web.DefaultRedirectStrategy        : Redirecting to /user/login?success=100
2023-10-11T18:38:22.213+09:00 DEBUG 43780 --- [http-nio-8080-exec-3] o.s.security.web.FilterChainProxy        : Securing GET /user/login?success=100
2023-10-11T18:38:22.213+09:00 DEBUG 43780 --- [http-nio-8080-exec-3] o.s.security.web.FilterChainProxy        : Secured GET /user/login?success=100
2023-10-11T18:38:22.215+09:00 DEBUG 43780 --- [http-nio-8080-exec-3] o.s.s.w.a.AnonymousAuthenticationFilter  : Set SecurityContextHolder to anonymous SecurityContext
2023-10-11T18:38:22.220+09:00 DEBUG 43780 --- [http-nio-8080-exec-2] o.s.security.web.FilterChainProxy        : Securing GET /vendor/bootstrap/css/bootstrap.min.css
2023-10-11T18:38:22.220+09:00 DEBUG 43780 --- [http-nio-8080-exec-5] o.s.security.web.FilterChainProxy        : Securing GET /vendor/font-awesome/css/font-awesome.min.css
2023-10-11T18:38:22.220+09:00 DEBUG 43780 --- [http-nio-8080-exec-6] o.s.security.web.FilterChainProxy        : Securing GET /vendor/jquery/jquery.min.js
2023-10-11T18:38:22.220+09:00 DEBUG 43780 --- [http-nio-8080-exec-4] o.s.security.web.FilterChainProxy        : Securing GET /vendor/bootstrap/js/bootstrap.min.js
2023-10-11T18:38:22.220+09:00 DEBUG 43780 --- [http-nio-8080-exec-10] o.s.security.web.FilterChainProxy        : Securing GET /vendor/metisMenu/metisMenu.min.css
2023-10-11T18:38:22.220+09:00 DEBUG 43780 --- [http-nio-8080-exec-9] o.s.security.web.FilterChainProxy        : Securing GET /dist/css/sb-admin-2.css
2023-10-11T18:38:22.221+09:00 DEBUG 43780 --- [http-nio-8080-exec-10] o.s.security.web.FilterChainProxy        : Secured GET /vendor/metisMenu/metisMenu.min.css
2023-10-11T18:38:22.221+09:00 DEBUG 43780 --- [http-nio-8080-exec-2] o.s.security.web.FilterChainProxy        : Secured GET /vendor/bootstrap/css/bootstrap.min.css
2023-10-11T18:38:22.221+09:00 DEBUG 43780 --- [http-nio-8080-exec-5] o.s.security.web.FilterChainProxy        : Secured GET /vendor/font-awesome/css/font-awesome.min.css
2023-10-11T18:38:22.221+09:00 DEBUG 43780 --- [http-nio-8080-exec-6] o.s.security.web.FilterChainProxy        : Secured GET /vendor/jquery/jquery.min.js
2023-10-11T18:38:22.221+09:00 DEBUG 43780 --- [http-nio-8080-exec-4] o.s.security.web.FilterChainProxy        : Secured GET /vendor/bootstrap/js/bootstrap.min.js
2023-10-11T18:38:22.221+09:00 DEBUG 43780 --- [http-nio-8080-exec-9] o.s.security.web.FilterChainProxy        : Secured GET /dist/css/sb-admin-2.css
2023-10-11T18:38:22.222+09:00 DEBUG 43780 --- [http-nio-8080-exec-9] o.s.s.w.a.AnonymousAuthenticationFilter  : Set SecurityContextHolder to anonymous SecurityContext
2023-10-11T18:38:22.222+09:00 DEBUG 43780 --- [http-nio-8080-exec-10] o.s.s.w.a.AnonymousAuthenticationFilter  : Set SecurityContextHolder to anonymous SecurityContext
2023-10-11T18:38:22.222+09:00 DEBUG 43780 --- [http-nio-8080-exec-5] o.s.s.w.a.AnonymousAuthenticationFilter  : Set SecurityContextHolder to anonymous SecurityContext
2023-10-11T18:38:22.223+09:00 DEBUG 43780 --- [http-nio-8080-exec-6] o.s.s.w.a.AnonymousAuthenticationFilter  : Set SecurityContextHolder to anonymous SecurityContext
2023-10-11T18:38:22.223+09:00 DEBUG 43780 --- [http-nio-8080-exec-2] o.s.s.w.a.AnonymousAuthenticationFilter  : Set SecurityContextHolder to anonymous SecurityContext
2023-10-11T18:38:22.223+09:00 DEBUG 43780 --- [http-nio-8080-exec-4] o.s.s.w.a.AnonymousAuthenticationFilter  : Set SecurityContextHolder to anonymous SecurityContext
2023-10-11T18:38:22.225+09:00 DEBUG 43780 --- [http-nio-8080-exec-7] o.s.security.web.FilterChainProxy        : Securing GET /dist/js/sb-admin-2.js
2023-10-11T18:38:22.225+09:00 DEBUG 43780 --- [http-nio-8080-exec-8] o.s.security.web.FilterChainProxy        : Securing GET /vendor/metisMenu/metisMenu.min.js
2023-10-11T18:38:22.225+09:00 DEBUG 43780 --- [http-nio-8080-exec-8] o.s.security.web.FilterChainProxy        : Secured GET /vendor/metisMenu/metisMenu.min.js
2023-10-11T18:38:22.225+09:00 DEBUG 43780 --- [http-nio-8080-exec-7] o.s.security.web.FilterChainProxy        : Secured GET /dist/js/sb-admin-2.js
2023-10-11T18:38:22.227+09:00 DEBUG 43780 --- [http-nio-8080-exec-8] o.s.s.w.a.AnonymousAuthenticationFilter  : Set SecurityContextHolder to anonymous SecurityContext
2023-10-11T18:38:22.227+09:00 DEBUG 43780 --- [http-nio-8080-exec-7] o.s.s.w.a.AnonymousAuthenticationFilter  : Set SecurityContextHolder to anonymous SecurityContext
2023-10-11T18:38:25.592+09:00 DEBUG 43780 --- [http-nio-8080-exec-1] o.s.security.web.FilterChainProxy        : Securing POST /user/login?success=100
2023-10-11T18:38:26.751+09:00 DEBUG 43780 --- [http-nio-8080-exec-1] o.s.s.a.dao.DaoAuthenticationProvider    : Authenticated user
2023-10-11T18:38:26.752+09:00 DEBUG 43780 --- [http-nio-8080-exec-1] .s.ChangeSessionIdAuthenticationStrategy : Changed session id from 215FD442E00B9B20D3129C1509B90489
2023-10-11T18:38:26.752+09:00 DEBUG 43780 --- [http-nio-8080-exec-1] w.c.HttpSessionSecurityContextRepository : Stored SecurityContextImpl [Authentication=UsernamePasswordAuthenticationToken [Principal=MyUserDetails(user=kr.co.sboard.entity.UserEntity@5650d64b), Credentials=[PROTECTED], Authenticated=true, Details=WebAuthenticationDetails [RemoteIpAddress=127.0.0.1, SessionId=215FD442E00B9B20D3129C1509B90489], Granted Authorities=[ROLE_null]]] to HttpSession [org.apache.catalina.session.StandardSessionFacade@27d67988]
2023-10-11T18:38:26.752+09:00 DEBUG 43780 --- [http-nio-8080-exec-1] w.a.UsernamePasswordAuthenticationFilter : Set SecurityContextHolder to UsernamePasswordAuthenticationToken [Principal=MyUserDetails(user=kr.co.sboard.entity.UserEntity@5650d64b), Credentials=[PROTECTED], Authenticated=true, Details=WebAuthenticationDetails [RemoteIpAddress=127.0.0.1, SessionId=215FD442E00B9B20D3129C1509B90489], Granted Authorities=[ROLE_null]]
2023-10-11T18:38:26.753+09:00 DEBUG 43780 --- [http-nio-8080-exec-1] o.s.s.web.DefaultRedirectStrategy        : Redirecting to http://localhost:8080/?continue
2023-10-11T18:38:26.755+09:00 DEBUG 43780 --- [http-nio-8080-exec-3] o.s.security.web.FilterChainProxy        : Securing GET /?continue
2023-10-11T18:38:26.755+09:00 DEBUG 43780 --- [http-nio-8080-exec-3] o.s.s.w.s.HttpSessionRequestCache        : Loaded matching saved request http://localhost:8080/?continue
2023-10-11T18:38:26.757+09:00 DEBUG 43780 --- [http-nio-8080-exec-3] w.c.HttpSessionSecurityContextRepository : Retrieved SecurityContextImpl [Authentication=UsernamePasswordAuthenticationToken [Principal=MyUserDetails(user=kr.co.sboard.entity.UserEntity@5650d64b), Credentials=[PROTECTED], Authenticated=true, Details=WebAuthenticationDetails [RemoteIpAddress=127.0.0.1, SessionId=215FD442E00B9B20D3129C1509B90489], Granted Authorities=[ROLE_null]]]
2023-10-11T18:38:26.757+09:00 DEBUG 43780 --- [http-nio-8080-exec-3] o.s.security.web.FilterChainProxy        : Secured GET /?continue
2023-10-11T18:38:26.768+09:00 DEBUG 43780 --- [http-nio-8080-exec-5] o.s.security.web.FilterChainProxy        : Securing GET /vendor/bootstrap/css/bootstrap.min.css
2023-10-11T18:38:26.769+09:00 DEBUG 43780 --- [http-nio-8080-exec-10] o.s.security.web.FilterChainProxy        : Securing GET /vendor/metisMenu/metisMenu.min.css
2023-10-11T18:38:26.769+09:00 DEBUG 43780 --- [http-nio-8080-exec-6] o.s.security.web.FilterChainProxy        : Securing GET /vendor/font-awesome/css/font-awesome.min.css
2023-10-11T18:38:26.769+09:00 DEBUG 43780 --- [http-nio-8080-exec-9] o.s.security.web.FilterChainProxy        : Securing GET /dist/css/sb-admin-2.css
2023-10-11T18:38:26.769+09:00 DEBUG 43780 --- [http-nio-8080-exec-2] o.s.security.web.FilterChainProxy        : Securing GET /vendor/jquery/jquery.min.js
2023-10-11T18:38:26.769+09:00 DEBUG 43780 --- [http-nio-8080-exec-4] o.s.security.web.FilterChainProxy        : Securing GET /vendor/bootstrap/js/bootstrap.min.js
2023-10-11T18:38:26.769+09:00 DEBUG 43780 --- [http-nio-8080-exec-6] o.s.security.web.FilterChainProxy        : Secured GET /vendor/font-awesome/css/font-awesome.min.css
2023-10-11T18:38:26.769+09:00 DEBUG 43780 --- [http-nio-8080-exec-10] o.s.security.web.FilterChainProxy        : Secured GET /vendor/metisMenu/metisMenu.min.css
2023-10-11T18:38:26.770+09:00 DEBUG 43780 --- [http-nio-8080-exec-5] o.s.security.web.FilterChainProxy        : Secured GET /vendor/bootstrap/css/bootstrap.min.css
2023-10-11T18:38:26.770+09:00 DEBUG 43780 --- [http-nio-8080-exec-9] o.s.security.web.FilterChainProxy        : Secured GET /dist/css/sb-admin-2.css
2023-10-11T18:38:26.770+09:00 DEBUG 43780 --- [http-nio-8080-exec-2] o.s.security.web.FilterChainProxy        : Secured GET /vendor/jquery/jquery.min.js
2023-10-11T18:38:26.770+09:00 DEBUG 43780 --- [http-nio-8080-exec-4] o.s.security.web.FilterChainProxy        : Secured GET /vendor/bootstrap/js/bootstrap.min.js
2023-10-11T18:38:26.771+09:00 DEBUG 43780 --- [http-nio-8080-exec-10] w.c.HttpSessionSecurityContextRepository : Retrieved SecurityContextImpl [Authentication=UsernamePasswordAuthenticationToken [Principal=MyUserDetails(user=kr.co.sboard.entity.UserEntity@5650d64b), Credentials=[PROTECTED], Authenticated=true, Details=WebAuthenticationDetails [RemoteIpAddress=127.0.0.1, SessionId=215FD442E00B9B20D3129C1509B90489], Granted Authorities=[ROLE_null]]]
2023-10-11T18:38:26.771+09:00 DEBUG 43780 --- [http-nio-8080-exec-6] w.c.HttpSessionSecurityContextRepository : Retrieved SecurityContextImpl [Authentication=UsernamePasswordAuthenticationToken [Principal=MyUserDetails(user=kr.co.sboard.entity.UserEntity@5650d64b), Credentials=[PROTECTED], Authenticated=true, Details=WebAuthenticationDetails [RemoteIpAddress=127.0.0.1, SessionId=215FD442E00B9B20D3129C1509B90489], Granted Authorities=[ROLE_null]]]
2023-10-11T18:38:26.771+09:00 DEBUG 43780 --- [http-nio-8080-exec-9] w.c.HttpSessionSecurityContextRepository : Retrieved SecurityContextImpl [Authentication=UsernamePasswordAuthenticationToken [Principal=MyUserDetails(user=kr.co.sboard.entity.UserEntity@5650d64b), Credentials=[PROTECTED], Authenticated=true, Details=WebAuthenticationDetails [RemoteIpAddress=127.0.0.1, SessionId=215FD442E00B9B20D3129C1509B90489], Granted Authorities=[ROLE_null]]]
2023-10-11T18:38:26.771+09:00 DEBUG 43780 --- [http-nio-8080-exec-5] w.c.HttpSessionSecurityContextRepository : Retrieved SecurityContextImpl [Authentication=UsernamePasswordAuthenticationToken [Principal=MyUserDetails(user=kr.co.sboard.entity.UserEntity@5650d64b), Credentials=[PROTECTED], Authenticated=true, Details=WebAuthenticationDetails [RemoteIpAddress=127.0.0.1, SessionId=215FD442E00B9B20D3129C1509B90489], Granted Authorities=[ROLE_null]]]
2023-10-11T18:38:26.771+09:00 DEBUG 43780 --- [http-nio-8080-exec-2] w.c.HttpSessionSecurityContextRepository : Retrieved SecurityContextImpl [Authentication=UsernamePasswordAuthenticationToken [Principal=MyUserDetails(user=kr.co.sboard.entity.UserEntity@5650d64b), Credentials=[PROTECTED], Authenticated=true, Details=WebAuthenticationDetails [RemoteIpAddress=127.0.0.1, SessionId=215FD442E00B9B20D3129C1509B90489], Granted Authorities=[ROLE_null]]]
2023-10-11T18:38:26.772+09:00 DEBUG 43780 --- [http-nio-8080-exec-4] w.c.HttpSessionSecurityContextRepository : Retrieved SecurityContextImpl [Authentication=UsernamePasswordAuthenticationToken [Principal=MyUserDetails(user=kr.co.sboard.entity.UserEntity@5650d64b), Credentials=[PROTECTED], Authenticated=true, Details=WebAuthenticationDetails [RemoteIpAddress=127.0.0.1, SessionId=215FD442E00B9B20D3129C1509B90489], Granted Authorities=[ROLE_null]]]
2023-10-11T18:38:26.773+09:00 DEBUG 43780 --- [http-nio-8080-exec-7] o.s.security.web.FilterChainProxy        : Securing GET /vendor/metisMenu/metisMenu.min.js
2023-10-11T18:38:26.773+09:00 DEBUG 43780 --- [http-nio-8080-exec-8] o.s.security.web.FilterChainProxy        : Securing GET /dist/js/sb-admin-2.js
2023-10-11T18:38:26.773+09:00 DEBUG 43780 --- [http-nio-8080-exec-7] o.s.security.web.FilterChainProxy        : Secured GET /vendor/metisMenu/metisMenu.min.js
2023-10-11T18:38:26.773+09:00 DEBUG 43780 --- [http-nio-8080-exec-8] o.s.security.web.FilterChainProxy        : Secured GET /dist/js/sb-admin-2.js
2023-10-11T18:38:26.775+09:00 DEBUG 43780 --- [http-nio-8080-exec-7] w.c.HttpSessionSecurityContextRepository : Retrieved SecurityContextImpl [Authentication=UsernamePasswordAuthenticationToken [Principal=MyUserDetails(user=kr.co.sboard.entity.UserEntity@5650d64b), Credentials=[PROTECTED], Authenticated=true, Details=WebAuthenticationDetails [RemoteIpAddress=127.0.0.1, SessionId=215FD442E00B9B20D3129C1509B90489], Granted Authorities=[ROLE_null]]]
2023-10-11T18:38:26.775+09:00 DEBUG 43780 --- [http-nio-8080-exec-8] w.c.HttpSessionSecurityContextRepository : Retrieved SecurityContextImpl [Authentication=UsernamePasswordAuthenticationToken [Principal=MyUserDetails(user=kr.co.sboard.entity.UserEntity@5650d64b), Credentials=[PROTECTED], Authenticated=true, Details=WebAuthenticationDetails [RemoteIpAddress=127.0.0.1, SessionId=215FD442E00B9B20D3129C1509B90489], Granted Authorities=[ROLE_null]]]
2023-10-11T18:38:26.786+09:00 DEBUG 43780 --- [http-nio-8080-exec-1] o.s.security.web.FilterChainProxy        : Securing GET /vendor/font-awesome/fonts/fontawesome-webfont.woff2?v=4.6.3
2023-10-11T18:38:26.787+09:00 DEBUG 43780 --- [http-nio-8080-exec-1] o.s.security.web.FilterChainProxy        : Secured GET /vendor/font-awesome/fonts/fontawesome-webfont.woff2?v=4.6.3
2023-10-11T18:38:26.790+09:00 DEBUG 43780 --- [http-nio-8080-exec-1] w.c.HttpSessionSecurityContextRepository : Retrieved SecurityContextImpl [Authentication=UsernamePasswordAuthenticationToken [Principal=MyUserDetails(user=kr.co.sboard.entity.UserEntity@5650d64b), Credentials=[PROTECTED], Authenticated=true, Details=WebAuthenticationDetails [RemoteIpAddress=127.0.0.1, SessionId=215FD442E00B9B20D3129C1509B90489], Granted Authorities=[ROLE_null]]]
2023-10-11T18:38:31.679+09:00 DEBUG 43780 --- [http-nio-8080-exec-3] o.s.security.web.FilterChainProxy        : Securing GET /tables.html
2023-10-11T18:38:31.680+09:00 DEBUG 43780 --- [http-nio-8080-exec-3] w.c.HttpSessionSecurityContextRepository : Retrieved SecurityContextImpl [Authentication=UsernamePasswordAuthenticationToken [Principal=MyUserDetails(user=kr.co.sboard.entity.UserEntity@5650d64b), Credentials=[PROTECTED], Authenticated=true, Details=WebAuthenticationDetails [RemoteIpAddress=127.0.0.1, SessionId=215FD442E00B9B20D3129C1509B90489], Granted Authorities=[ROLE_null]]]
2023-10-11T18:38:31.681+09:00 DEBUG 43780 --- [http-nio-8080-exec-3] o.s.s.w.access.AccessDeniedHandlerImpl   : Responding with 403 status code
2023-10-11T18:38:31.683+09:00 DEBUG 43780 --- [http-nio-8080-exec-3] o.s.security.web.FilterChainProxy        : Securing GET /error
2023-10-11T18:38:31.685+09:00 DEBUG 43780 --- [http-nio-8080-exec-3] w.c.HttpSessionSecurityContextRepository : Retrieved SecurityContextImpl [Authentication=UsernamePasswordAuthenticationToken [Principal=MyUserDetails(user=kr.co.sboard.entity.UserEntity@5650d64b), Credentials=[PROTECTED], Authenticated=true, Details=WebAuthenticationDetails [RemoteIpAddress=127.0.0.1, SessionId=215FD442E00B9B20D3129C1509B90489], Granted Authorities=[ROLE_null]]]
2023-10-11T18:38:31.685+09:00 DEBUG 43780 --- [http-nio-8080-exec-3] o.s.s.w.access.AccessDeniedHandlerImpl   : Responding with 403 status code
2023-10-11T18:38:32.803+09:00 DEBUG 43780 --- [http-nio-8080-exec-6] o.s.security.web.FilterChainProxy        : Securing GET /?continue
2023-10-11T18:38:32.804+09:00 DEBUG 43780 --- [http-nio-8080-exec-6] w.c.HttpSessionSecurityContextRepository : Retrieved SecurityContextImpl [Authentication=UsernamePasswordAuthenticationToken [Principal=MyUserDetails(user=kr.co.sboard.entity.UserEntity@5650d64b), Credentials=[PROTECTED], Authenticated=true, Details=WebAuthenticationDetails [RemoteIpAddress=127.0.0.1, SessionId=215FD442E00B9B20D3129C1509B90489], Granted Authorities=[ROLE_null]]]
2023-10-11T18:38:32.805+09:00 DEBUG 43780 --- [http-nio-8080-exec-6] o.s.security.web.FilterChainProxy        : Secured GET /?continue
2023-10-11T18:38:32.817+09:00 DEBUG 43780 --- [http-nio-8080-exec-9] o.s.security.web.FilterChainProxy        : Securing GET /vendor/bootstrap/css/bootstrap.min.css
2023-10-11T18:38:32.818+09:00 DEBUG 43780 --- [http-nio-8080-exec-9] o.s.security.web.FilterChainProxy        : Secured GET /vendor/bootstrap/css/bootstrap.min.css
2023-10-11T18:38:32.820+09:00 DEBUG 43780 --- [http-nio-8080-exec-9] w.c.HttpSessionSecurityContextRepository : Retrieved SecurityContextImpl [Authentication=UsernamePasswordAuthenticationToken [Principal=MyUserDetails(user=kr.co.sboard.entity.UserEntity@5650d64b), Credentials=[PROTECTED], Authenticated=true, Details=WebAuthenticationDetails [RemoteIpAddress=127.0.0.1, SessionId=215FD442E00B9B20D3129C1509B90489], Granted Authorities=[ROLE_null]]]
2023-10-11T18:38:32.821+09:00 DEBUG 43780 --- [http-nio-8080-exec-2] o.s.security.web.FilterChainProxy        : Securing GET /vendor/font-awesome/css/font-awesome.min.css
2023-10-11T18:38:32.821+09:00 DEBUG 43780 --- [http-nio-8080-exec-7] o.s.security.web.FilterChainProxy        : Securing GET /vendor/bootstrap/js/bootstrap.min.js
2023-10-11T18:38:32.822+09:00 DEBUG 43780 --- [http-nio-8080-exec-5] o.s.security.web.FilterChainProxy        : Securing GET /dist/css/sb-admin-2.css
2023-10-11T18:38:32.821+09:00 DEBUG 43780 --- [http-nio-8080-exec-10] o.s.security.web.FilterChainProxy        : Securing GET /vendor/metisMenu/metisMenu.min.css
2023-10-11T18:38:32.822+09:00 DEBUG 43780 --- [http-nio-8080-exec-4] o.s.security.web.FilterChainProxy        : Securing GET /vendor/jquery/jquery.min.js
2023-10-11T18:38:32.822+09:00 DEBUG 43780 --- [http-nio-8080-exec-8] o.s.security.web.FilterChainProxy        : Securing GET /vendor/metisMenu/metisMenu.min.js
2023-10-11T18:38:32.822+09:00 DEBUG 43780 --- [http-nio-8080-exec-2] o.s.security.web.FilterChainProxy        : Secured GET /vendor/font-awesome/css/font-awesome.min.css
2023-10-11T18:38:32.822+09:00 DEBUG 43780 --- [http-nio-8080-exec-7] o.s.security.web.FilterChainProxy        : Secured GET /vendor/bootstrap/js/bootstrap.min.js
2023-10-11T18:38:32.823+09:00 DEBUG 43780 --- [http-nio-8080-exec-10] o.s.security.web.FilterChainProxy        : Secured GET /vendor/metisMenu/metisMenu.min.css
2023-10-11T18:38:32.823+09:00 DEBUG 43780 --- [http-nio-8080-exec-5] o.s.security.web.FilterChainProxy        : Secured GET /dist/css/sb-admin-2.css
2023-10-11T18:38:32.823+09:00 DEBUG 43780 --- [http-nio-8080-exec-4] o.s.security.web.FilterChainProxy        : Secured GET /vendor/jquery/jquery.min.js
2023-10-11T18:38:32.823+09:00 DEBUG 43780 --- [http-nio-8080-exec-8] o.s.security.web.FilterChainProxy        : Secured GET /vendor/metisMenu/metisMenu.min.js
2023-10-11T18:38:32.825+09:00 DEBUG 43780 --- [http-nio-8080-exec-7] w.c.HttpSessionSecurityContextRepository : Retrieved SecurityContextImpl [Authentication=UsernamePasswordAuthenticationToken [Principal=MyUserDetails(user=kr.co.sboard.entity.UserEntity@5650d64b), Credentials=[PROTECTED], Authenticated=true, Details=WebAuthenticationDetails [RemoteIpAddress=127.0.0.1, SessionId=215FD442E00B9B20D3129C1509B90489], Granted Authorities=[ROLE_null]]]
2023-10-11T18:38:32.825+09:00 DEBUG 43780 --- [http-nio-8080-exec-2] w.c.HttpSessionSecurityContextRepository : Retrieved SecurityContextImpl [Authentication=UsernamePasswordAuthenticationToken [Principal=MyUserDetails(user=kr.co.sboard.entity.UserEntity@5650d64b), Credentials=[PROTECTED], Authenticated=true, Details=WebAuthenticationDetails [RemoteIpAddress=127.0.0.1, SessionId=215FD442E00B9B20D3129C1509B90489], Granted Authorities=[ROLE_null]]]
2023-10-11T18:38:32.825+09:00 DEBUG 43780 --- [http-nio-8080-exec-5] w.c.HttpSessionSecurityContextRepository : Retrieved SecurityContextImpl [Authentication=UsernamePasswordAuthenticationToken [Principal=MyUserDetails(user=kr.co.sboard.entity.UserEntity@5650d64b), Credentials=[PROTECTED], Authenticated=true, Details=WebAuthenticationDetails [RemoteIpAddress=127.0.0.1, SessionId=215FD442E00B9B20D3129C1509B90489], Granted Authorities=[ROLE_null]]]
2023-10-11T18:38:32.825+09:00 DEBUG 43780 --- [http-nio-8080-exec-8] w.c.HttpSessionSecurityContextRepository : Retrieved SecurityContextImpl [Authentication=UsernamePasswordAuthenticationToken [Principal=MyUserDetails(user=kr.co.sboard.entity.UserEntity@5650d64b), Credentials=[PROTECTED], Authenticated=true, Details=WebAuthenticationDetails [RemoteIpAddress=127.0.0.1, SessionId=215FD442E00B9B20D3129C1509B90489], Granted Authorities=[ROLE_null]]]
2023-10-11T18:38:32.825+09:00 DEBUG 43780 --- [http-nio-8080-exec-10] w.c.HttpSessionSecurityContextRepository : Retrieved SecurityContextImpl [Authentication=UsernamePasswordAuthenticationToken [Principal=MyUserDetails(user=kr.co.sboard.entity.UserEntity@5650d64b), Credentials=[PROTECTED], Authenticated=true, Details=WebAuthenticationDetails [RemoteIpAddress=127.0.0.1, SessionId=215FD442E00B9B20D3129C1509B90489], Granted Authorities=[ROLE_null]]]
2023-10-11T18:38:32.826+09:00 DEBUG 43780 --- [http-nio-8080-exec-4] w.c.HttpSessionSecurityContextRepository : Retrieved SecurityContextImpl [Authentication=UsernamePasswordAuthenticationToken [Principal=MyUserDetails(user=kr.co.sboard.entity.UserEntity@5650d64b), Credentials=[PROTECTED], Authenticated=true, Details=WebAuthenticationDetails [RemoteIpAddress=127.0.0.1, SessionId=215FD442E00B9B20D3129C1509B90489], Granted Authorities=[ROLE_null]]]
2023-10-11T18:38:32.827+09:00 DEBUG 43780 --- [http-nio-8080-exec-1] o.s.security.web.FilterChainProxy        : Securing GET /dist/js/sb-admin-2.js
2023-10-11T18:38:32.828+09:00 DEBUG 43780 --- [http-nio-8080-exec-1] o.s.security.web.FilterChainProxy        : Secured GET /dist/js/sb-admin-2.js
2023-10-11T18:38:32.830+09:00 DEBUG 43780 --- [http-nio-8080-exec-1] w.c.HttpSessionSecurityContextRepository : Retrieved SecurityContextImpl [Authentication=UsernamePasswordAuthenticationToken [Principal=MyUserDetails(user=kr.co.sboard.entity.UserEntity@5650d64b), Credentials=[PROTECTED], Authenticated=true, Details=WebAuthenticationDetails [RemoteIpAddress=127.0.0.1, SessionId=215FD442E00B9B20D3129C1509B90489], Granted Authorities=[ROLE_null]]]
2023-10-11T18:38:32.840+09:00 DEBUG 43780 --- [http-nio-8080-exec-3] o.s.security.web.FilterChainProxy        : Securing GET /vendor/font-awesome/fonts/fontawesome-webfont.woff2?v=4.6.3
2023-10-11T18:38:32.841+09:00 DEBUG 43780 --- [http-nio-8080-exec-3] o.s.security.web.FilterChainProxy        : Secured GET /vendor/font-awesome/fonts/fontawesome-webfont.woff2?v=4.6.3
2023-10-11T18:38:32.842+09:00 DEBUG 43780 --- [http-nio-8080-exec-3] w.c.HttpSessionSecurityContextRepository : Retrieved SecurityContextImpl [Authentication=UsernamePasswordAuthenticationToken [Principal=MyUserDetails(user=kr.co.sboard.entity.UserEntity@5650d64b), Credentials=[PROTECTED], Authenticated=true, Details=WebAuthenticationDetails [RemoteIpAddress=127.0.0.1, SessionId=215FD442E00B9B20D3129C1509B90489], Granted Authorities=[ROLE_null]]]
2023-10-11T18:38:35.301+09:00 DEBUG 43780 --- [http-nio-8080-exec-6] o.s.security.web.FilterChainProxy        : Securing GET /index.html
2023-10-11T18:38:35.302+09:00 DEBUG 43780 --- [http-nio-8080-exec-6] w.c.HttpSessionSecurityContextRepository : Retrieved SecurityContextImpl [Authentication=UsernamePasswordAuthenticationToken [Principal=MyUserDetails(user=kr.co.sboard.entity.UserEntity@5650d64b), Credentials=[PROTECTED], Authenticated=true, Details=WebAuthenticationDetails [RemoteIpAddress=127.0.0.1, SessionId=215FD442E00B9B20D3129C1509B90489], Granted Authorities=[ROLE_null]]]
2023-10-11T18:38:35.302+09:00 DEBUG 43780 --- [http-nio-8080-exec-6] o.s.s.w.access.AccessDeniedHandlerImpl   : Responding with 403 status code
2023-10-11T18:38:35.303+09:00 DEBUG 43780 --- [http-nio-8080-exec-6] o.s.security.web.FilterChainProxy        : Securing GET /error
2023-10-11T18:38:35.303+09:00 DEBUG 43780 --- [http-nio-8080-exec-6] w.c.HttpSessionSecurityContextRepository : Retrieved SecurityContextImpl [Authentication=UsernamePasswordAuthenticationToken [Principal=MyUserDetails(user=kr.co.sboard.entity.UserEntity@5650d64b), Credentials=[PROTECTED], Authenticated=true, Details=WebAuthenticationDetails [RemoteIpAddress=127.0.0.1, SessionId=215FD442E00B9B20D3129C1509B90489], Granted Authorities=[ROLE_null]]]
2023-10-11T18:38:35.303+09:00 DEBUG 43780 --- [http-nio-8080-exec-6] o.s.s.w.access.AccessDeniedHandlerImpl   : Responding with 403 status code
2023-10-11T18:38:36.103+09:00 DEBUG 43780 --- [http-nio-8080-exec-9] o.s.security.web.FilterChainProxy        : Securing GET /?continue
2023-10-11T18:38:36.104+09:00 DEBUG 43780 --- [http-nio-8080-exec-9] w.c.HttpSessionSecurityContextRepository : Retrieved SecurityContextImpl [Authentication=UsernamePasswordAuthenticationToken [Principal=MyUserDetails(user=kr.co.sboard.entity.UserEntity@5650d64b), Credentials=[PROTECTED], Authenticated=true, Details=WebAuthenticationDetails [RemoteIpAddress=127.0.0.1, SessionId=215FD442E00B9B20D3129C1509B90489], Granted Authorities=[ROLE_null]]]
2023-10-11T18:38:36.104+09:00 DEBUG 43780 --- [http-nio-8080-exec-9] o.s.security.web.FilterChainProxy        : Secured GET /?continue
2023-10-11T18:38:36.116+09:00 DEBUG 43780 --- [http-nio-8080-exec-2] o.s.security.web.FilterChainProxy        : Securing GET /vendor/bootstrap/css/bootstrap.min.css
2023-10-11T18:38:36.118+09:00 DEBUG 43780 --- [http-nio-8080-exec-10] o.s.security.web.FilterChainProxy        : Securing GET /vendor/metisMenu/metisMenu.min.css
2023-10-11T18:38:36.118+09:00 DEBUG 43780 --- [http-nio-8080-exec-8] o.s.security.web.FilterChainProxy        : Securing GET /dist/css/sb-admin-2.css
2023-10-11T18:38:36.118+09:00 DEBUG 43780 --- [http-nio-8080-exec-2] o.s.security.web.FilterChainProxy        : Secured GET /vendor/bootstrap/css/bootstrap.min.css
2023-10-11T18:38:36.118+09:00 DEBUG 43780 --- [http-nio-8080-exec-7] o.s.security.web.FilterChainProxy        : Securing GET /vendor/font-awesome/css/font-awesome.min.css
2023-10-11T18:38:36.118+09:00 DEBUG 43780 --- [http-nio-8080-exec-5] o.s.security.web.FilterChainProxy        : Securing GET /vendor/jquery/jquery.min.js
2023-10-11T18:38:36.119+09:00 DEBUG 43780 --- [http-nio-8080-exec-4] o.s.security.web.FilterChainProxy        : Securing GET /vendor/bootstrap/js/bootstrap.min.js
2023-10-11T18:38:36.119+09:00 DEBUG 43780 --- [http-nio-8080-exec-10] o.s.security.web.FilterChainProxy        : Secured GET /vendor/metisMenu/metisMenu.min.css
2023-10-11T18:38:36.119+09:00 DEBUG 43780 --- [http-nio-8080-exec-5] o.s.security.web.FilterChainProxy        : Secured GET /vendor/jquery/jquery.min.js
2023-10-11T18:38:36.119+09:00 DEBUG 43780 --- [http-nio-8080-exec-8] o.s.security.web.FilterChainProxy        : Secured GET /dist/css/sb-admin-2.css
2023-10-11T18:38:36.119+09:00 DEBUG 43780 --- [http-nio-8080-exec-7] o.s.security.web.FilterChainProxy        : Secured GET /vendor/font-awesome/css/font-awesome.min.css
2023-10-11T18:38:36.120+09:00 DEBUG 43780 --- [http-nio-8080-exec-4] o.s.security.web.FilterChainProxy        : Secured GET /vendor/bootstrap/js/bootstrap.min.js
2023-10-11T18:38:36.121+09:00 DEBUG 43780 --- [http-nio-8080-exec-2] w.c.HttpSessionSecurityContextRepository : Retrieved SecurityContextImpl [Authentication=UsernamePasswordAuthenticationToken [Principal=MyUserDetails(user=kr.co.sboard.entity.UserEntity@5650d64b), Credentials=[PROTECTED], Authenticated=true, Details=WebAuthenticationDetails [RemoteIpAddress=127.0.0.1, SessionId=215FD442E00B9B20D3129C1509B90489], Granted Authorities=[ROLE_null]]]
2023-10-11T18:38:36.121+09:00 DEBUG 43780 --- [http-nio-8080-exec-10] w.c.HttpSessionSecurityContextRepository : Retrieved SecurityContextImpl [Authentication=UsernamePasswordAuthenticationToken [Principal=MyUserDetails(user=kr.co.sboard.entity.UserEntity@5650d64b), Credentials=[PROTECTED], Authenticated=true, Details=WebAuthenticationDetails [RemoteIpAddress=127.0.0.1, SessionId=215FD442E00B9B20D3129C1509B90489], Granted Authorities=[ROLE_null]]]
2023-10-11T18:38:36.122+09:00 DEBUG 43780 --- [http-nio-8080-exec-8] w.c.HttpSessionSecurityContextRepository : Retrieved SecurityContextImpl [Authentication=UsernamePasswordAuthenticationToken [Principal=MyUserDetails(user=kr.co.sboard.entity.UserEntity@5650d64b), Credentials=[PROTECTED], Authenticated=true, Details=WebAuthenticationDetails [RemoteIpAddress=127.0.0.1, SessionId=215FD442E00B9B20D3129C1509B90489], Granted Authorities=[ROLE_null]]]
2023-10-11T18:38:36.122+09:00 DEBUG 43780 --- [http-nio-8080-exec-7] w.c.HttpSessionSecurityContextRepository : Retrieved SecurityContextImpl [Authentication=UsernamePasswordAuthenticationToken [Principal=MyUserDetails(user=kr.co.sboard.entity.UserEntity@5650d64b), Credentials=[PROTECTED], Authenticated=true, Details=WebAuthenticationDetails [RemoteIpAddress=127.0.0.1, SessionId=215FD442E00B9B20D3129C1509B90489], Granted Authorities=[ROLE_null]]]
2023-10-11T18:38:36.122+09:00 DEBUG 43780 --- [http-nio-8080-exec-5] w.c.HttpSessionSecurityContextRepository : Retrieved SecurityContextImpl [Authentication=UsernamePasswordAuthenticationToken [Principal=MyUserDetails(user=kr.co.sboard.entity.UserEntity@5650d64b), Credentials=[PROTECTED], Authenticated=true, Details=WebAuthenticationDetails [RemoteIpAddress=127.0.0.1, SessionId=215FD442E00B9B20D3129C1509B90489], Granted Authorities=[ROLE_null]]]
2023-10-11T18:38:36.122+09:00 DEBUG 43780 --- [http-nio-8080-exec-10] o.s.security.web.FilterChainProxy        : Securing GET /vendor/metisMenu/metisMenu.min.js
2023-10-11T18:38:36.123+09:00 DEBUG 43780 --- [http-nio-8080-exec-4] w.c.HttpSessionSecurityContextRepository : Retrieved SecurityContextImpl [Authentication=UsernamePasswordAuthenticationToken [Principal=MyUserDetails(user=kr.co.sboard.entity.UserEntity@5650d64b), Credentials=[PROTECTED], Authenticated=true, Details=WebAuthenticationDetails [RemoteIpAddress=127.0.0.1, SessionId=215FD442E00B9B20D3129C1509B90489], Granted Authorities=[ROLE_null]]]
2023-10-11T18:38:36.123+09:00 DEBUG 43780 --- [http-nio-8080-exec-10] o.s.security.web.FilterChainProxy        : Secured GET /vendor/metisMenu/metisMenu.min.js
2023-10-11T18:38:36.123+09:00 DEBUG 43780 --- [http-nio-8080-exec-3] o.s.security.web.FilterChainProxy        : Securing GET /dist/js/sb-admin-2.js
2023-10-11T18:38:36.124+09:00 DEBUG 43780 --- [http-nio-8080-exec-3] o.s.security.web.FilterChainProxy        : Secured GET /dist/js/sb-admin-2.js
2023-10-11T18:38:36.125+09:00 DEBUG 43780 --- [http-nio-8080-exec-3] w.c.HttpSessionSecurityContextRepository : Retrieved SecurityContextImpl [Authentication=UsernamePasswordAuthenticationToken [Principal=MyUserDetails(user=kr.co.sboard.entity.UserEntity@5650d64b), Credentials=[PROTECTED], Authenticated=true, Details=WebAuthenticationDetails [RemoteIpAddress=127.0.0.1, SessionId=215FD442E00B9B20D3129C1509B90489], Granted Authorities=[ROLE_null]]]
2023-10-11T18:38:36.125+09:00 DEBUG 43780 --- [http-nio-8080-exec-10] w.c.HttpSessionSecurityContextRepository : Retrieved SecurityContextImpl [Authentication=UsernamePasswordAuthenticationToken [Principal=MyUserDetails(user=kr.co.sboard.entity.UserEntity@5650d64b), Credentials=[PROTECTED], Authenticated=true, Details=WebAuthenticationDetails [RemoteIpAddress=127.0.0.1, SessionId=215FD442E00B9B20D3129C1509B90489], Granted Authorities=[ROLE_null]]]
2023-10-11T18:38:36.129+09:00 DEBUG 43780 --- [http-nio-8080-exec-6] o.s.security.web.FilterChainProxy        : Securing GET /vendor/font-awesome/fonts/fontawesome-webfont.woff2?v=4.6.3
2023-10-11T18:38:36.130+09:00 DEBUG 43780 --- [http-nio-8080-exec-6] o.s.security.web.FilterChainProxy        : Secured GET /vendor/font-awesome/fonts/fontawesome-webfont.woff2?v=4.6.3
2023-10-11T18:38:36.131+09:00 DEBUG 43780 --- [http-nio-8080-exec-6] w.c.HttpSessionSecurityContextRepository : Retrieved SecurityContextImpl [Authentication=UsernamePasswordAuthenticationToken [Principal=MyUserDetails(user=kr.co.sboard.entity.UserEntity@5650d64b), Credentials=[PROTECTED], Authenticated=true, Details=WebAuthenticationDetails [RemoteIpAddress=127.0.0.1, SessionId=215FD442E00B9B20D3129C1509B90489], Granted Authorities=[ROLE_null]]]
2023-10-11T18:38:51.843+09:00 DEBUG 43780 --- [http-nio-8080-exec-9] o.s.security.web.FilterChainProxy        : Securing GET /
2023-10-11T18:38:51.843+09:00 DEBUG 43780 --- [http-nio-8080-exec-9] w.c.HttpSessionSecurityContextRepository : Retrieved SecurityContextImpl [Authentication=UsernamePasswordAuthenticationToken [Principal=MyUserDetails(user=kr.co.sboard.entity.UserEntity@5650d64b), Credentials=[PROTECTED], Authenticated=true, Details=WebAuthenticationDetails [RemoteIpAddress=127.0.0.1, SessionId=215FD442E00B9B20D3129C1509B90489], Granted Authorities=[ROLE_null]]]
2023-10-11T18:38:51.843+09:00 DEBUG 43780 --- [http-nio-8080-exec-9] o.s.security.web.FilterChainProxy        : Secured GET /
2023-10-11T18:38:51.854+09:00 DEBUG 43780 --- [http-nio-8080-exec-2] o.s.security.web.FilterChainProxy        : Securing GET /vendor/bootstrap/css/bootstrap.min.css
2023-10-11T18:38:51.854+09:00 DEBUG 43780 --- [http-nio-8080-exec-1] o.s.security.web.FilterChainProxy        : Securing GET /vendor/metisMenu/metisMenu.min.css
2023-10-11T18:38:51.854+09:00 DEBUG 43780 --- [http-nio-8080-exec-8] o.s.security.web.FilterChainProxy        : Securing GET /vendor/font-awesome/css/font-awesome.min.css
2023-10-11T18:38:51.854+09:00 DEBUG 43780 --- [http-nio-8080-exec-7] o.s.security.web.FilterChainProxy        : Securing GET /dist/css/sb-admin-2.css
2023-10-11T18:38:51.854+09:00 DEBUG 43780 --- [http-nio-8080-exec-1] o.s.security.web.FilterChainProxy        : Secured GET /vendor/metisMenu/metisMenu.min.css
2023-10-11T18:38:51.854+09:00 DEBUG 43780 --- [http-nio-8080-exec-4] o.s.security.web.FilterChainProxy        : Securing GET /vendor/bootstrap/js/bootstrap.min.js
2023-10-11T18:38:51.854+09:00 DEBUG 43780 --- [http-nio-8080-exec-5] o.s.security.web.FilterChainProxy        : Securing GET /vendor/jquery/jquery.min.js
2023-10-11T18:38:51.854+09:00 DEBUG 43780 --- [http-nio-8080-exec-2] o.s.security.web.FilterChainProxy        : Secured GET /vendor/bootstrap/css/bootstrap.min.css
2023-10-11T18:38:51.854+09:00 DEBUG 43780 --- [http-nio-8080-exec-8] o.s.security.web.FilterChainProxy        : Secured GET /vendor/font-awesome/css/font-awesome.min.css
2023-10-11T18:38:51.854+09:00 DEBUG 43780 --- [http-nio-8080-exec-5] o.s.security.web.FilterChainProxy        : Secured GET /vendor/jquery/jquery.min.js
2023-10-11T18:38:51.855+09:00 DEBUG 43780 --- [http-nio-8080-exec-7] o.s.security.web.FilterChainProxy        : Secured GET /dist/css/sb-admin-2.css
2023-10-11T18:38:51.855+09:00 DEBUG 43780 --- [http-nio-8080-exec-4] o.s.security.web.FilterChainProxy        : Secured GET /vendor/bootstrap/js/bootstrap.min.js
2023-10-11T18:38:51.856+09:00 DEBUG 43780 --- [http-nio-8080-exec-1] w.c.HttpSessionSecurityContextRepository : Retrieved SecurityContextImpl [Authentication=UsernamePasswordAuthenticationToken [Principal=MyUserDetails(user=kr.co.sboard.entity.UserEntity@5650d64b), Credentials=[PROTECTED], Authenticated=true, Details=WebAuthenticationDetails [RemoteIpAddress=127.0.0.1, SessionId=215FD442E00B9B20D3129C1509B90489], Granted Authorities=[ROLE_null]]]
2023-10-11T18:38:51.856+09:00 DEBUG 43780 --- [http-nio-8080-exec-8] w.c.HttpSessionSecurityContextRepository : Retrieved SecurityContextImpl [Authentication=UsernamePasswordAuthenticationToken [Principal=MyUserDetails(user=kr.co.sboard.entity.UserEntity@5650d64b), Credentials=[PROTECTED], Authenticated=true, Details=WebAuthenticationDetails [RemoteIpAddress=127.0.0.1, SessionId=215FD442E00B9B20D3129C1509B90489], Granted Authorities=[ROLE_null]]]
2023-10-11T18:38:51.857+09:00 DEBUG 43780 --- [http-nio-8080-exec-4] w.c.HttpSessionSecurityContextRepository : Retrieved SecurityContextImpl [Authentication=UsernamePasswordAuthenticationToken [Principal=MyUserDetails(user=kr.co.sboard.entity.UserEntity@5650d64b), Credentials=[PROTECTED], Authenticated=true, Details=WebAuthenticationDetails [RemoteIpAddress=127.0.0.1, SessionId=215FD442E00B9B20D3129C1509B90489], Granted Authorities=[ROLE_null]]]
2023-10-11T18:38:51.857+09:00 DEBUG 43780 --- [http-nio-8080-exec-2] w.c.HttpSessionSecurityContextRepository : Retrieved SecurityContextImpl [Authentication=UsernamePasswordAuthenticationToken [Principal=MyUserDetails(user=kr.co.sboard.entity.UserEntity@5650d64b), Credentials=[PROTECTED], Authenticated=true, Details=WebAuthenticationDetails [RemoteIpAddress=127.0.0.1, SessionId=215FD442E00B9B20D3129C1509B90489], Granted Authorities=[ROLE_null]]]
2023-10-11T18:38:51.857+09:00 DEBUG 43780 --- [http-nio-8080-exec-7] w.c.HttpSessionSecurityContextRepository : Retrieved SecurityContextImpl [Authentication=UsernamePasswordAuthenticationToken [Principal=MyUserDetails(user=kr.co.sboard.entity.UserEntity@5650d64b), Credentials=[PROTECTED], Authenticated=true, Details=WebAuthenticationDetails [RemoteIpAddress=127.0.0.1, SessionId=215FD442E00B9B20D3129C1509B90489], Granted Authorities=[ROLE_null]]]
2023-10-11T18:38:51.857+09:00 DEBUG 43780 --- [http-nio-8080-exec-5] w.c.HttpSessionSecurityContextRepository : Retrieved SecurityContextImpl [Authentication=UsernamePasswordAuthenticationToken [Principal=MyUserDetails(user=kr.co.sboard.entity.UserEntity@5650d64b), Credentials=[PROTECTED], Authenticated=true, Details=WebAuthenticationDetails [RemoteIpAddress=127.0.0.1, SessionId=215FD442E00B9B20D3129C1509B90489], Granted Authorities=[ROLE_null]]]
2023-10-11T18:38:51.858+09:00 DEBUG 43780 --- [http-nio-8080-exec-3] o.s.security.web.FilterChainProxy        : Securing GET /vendor/metisMenu/metisMenu.min.js
2023-10-11T18:38:51.859+09:00 DEBUG 43780 --- [http-nio-8080-exec-10] o.s.security.web.FilterChainProxy        : Securing GET /dist/js/sb-admin-2.js
2023-10-11T18:38:51.859+09:00 DEBUG 43780 --- [http-nio-8080-exec-3] o.s.security.web.FilterChainProxy        : Secured GET /vendor/metisMenu/metisMenu.min.js
2023-10-11T18:38:51.859+09:00 DEBUG 43780 --- [http-nio-8080-exec-10] o.s.security.web.FilterChainProxy        : Secured GET /dist/js/sb-admin-2.js
2023-10-11T18:38:51.861+09:00 DEBUG 43780 --- [http-nio-8080-exec-3] w.c.HttpSessionSecurityContextRepository : Retrieved SecurityContextImpl [Authentication=UsernamePasswordAuthenticationToken [Principal=MyUserDetails(user=kr.co.sboard.entity.UserEntity@5650d64b), Credentials=[PROTECTED], Authenticated=true, Details=WebAuthenticationDetails [RemoteIpAddress=127.0.0.1, SessionId=215FD442E00B9B20D3129C1509B90489], Granted Authorities=[ROLE_null]]]
2023-10-11T18:38:51.861+09:00 DEBUG 43780 --- [http-nio-8080-exec-10] w.c.HttpSessionSecurityContextRepository : Retrieved SecurityContextImpl [Authentication=UsernamePasswordAuthenticationToken [Principal=MyUserDetails(user=kr.co.sboard.entity.UserEntity@5650d64b), Credentials=[PROTECTED], Authenticated=true, Details=WebAuthenticationDetails [RemoteIpAddress=127.0.0.1, SessionId=215FD442E00B9B20D3129C1509B90489], Granted Authorities=[ROLE_null]]]
2023-10-11T18:38:51.870+09:00 DEBUG 43780 --- [http-nio-8080-exec-6] o.s.security.web.FilterChainProxy        : Securing GET /vendor/font-awesome/fonts/fontawesome-webfont.woff2?v=4.6.3
2023-10-11T18:38:51.870+09:00 DEBUG 43780 --- [http-nio-8080-exec-6] o.s.security.web.FilterChainProxy        : Secured GET /vendor/font-awesome/fonts/fontawesome-webfont.woff2?v=4.6.3
2023-10-11T18:38:51.872+09:00 DEBUG 43780 --- [http-nio-8080-exec-6] w.c.HttpSessionSecurityContextRepository : Retrieved SecurityContextImpl [Authentication=UsernamePasswordAuthenticationToken [Principal=MyUserDetails(user=kr.co.sboard.entity.UserEntity@5650d64b), Credentials=[PROTECTED], Authenticated=true, Details=WebAuthenticationDetails [RemoteIpAddress=127.0.0.1, SessionId=215FD442E00B9B20D3129C1509B90489], Granted Authorities=[ROLE_null]]]
2023-10-11T18:38:52.041+09:00 DEBUG 43780 --- [http-nio-8080-exec-9] o.s.security.web.FilterChainProxy        : Securing GET /
2023-10-11T18:38:52.041+09:00 DEBUG 43780 --- [http-nio-8080-exec-9] w.c.HttpSessionSecurityContextRepository : Retrieved SecurityContextImpl [Authentication=UsernamePasswordAuthenticationToken [Principal=MyUserDetails(user=kr.co.sboard.entity.UserEntity@5650d64b), Credentials=[PROTECTED], Authenticated=true, Details=WebAuthenticationDetails [RemoteIpAddress=127.0.0.1, SessionId=215FD442E00B9B20D3129C1509B90489], Granted Authorities=[ROLE_null]]]
2023-10-11T18:38:52.042+09:00 DEBUG 43780 --- [http-nio-8080-exec-9] o.s.security.web.FilterChainProxy        : Secured GET /
2023-10-11T18:38:52.052+09:00 DEBUG 43780 --- [http-nio-8080-exec-2] o.s.security.web.FilterChainProxy        : Securing GET /vendor/font-awesome/css/font-awesome.min.css
2023-10-11T18:38:52.052+09:00 DEBUG 43780 --- [http-nio-8080-exec-8] o.s.security.web.FilterChainProxy        : Securing GET /dist/css/sb-admin-2.css
2023-10-11T18:38:52.052+09:00 DEBUG 43780 --- [http-nio-8080-exec-4] o.s.security.web.FilterChainProxy        : Securing GET /vendor/metisMenu/metisMenu.min.css
2023-10-11T18:38:52.052+09:00 DEBUG 43780 --- [http-nio-8080-exec-1] o.s.security.web.FilterChainProxy        : Securing GET /vendor/bootstrap/css/bootstrap.min.css
2023-10-11T18:38:52.052+09:00 DEBUG 43780 --- [http-nio-8080-exec-7] o.s.security.web.FilterChainProxy        : Securing GET /vendor/jquery/jquery.min.js
2023-10-11T18:38:52.052+09:00 DEBUG 43780 --- [http-nio-8080-exec-5] o.s.security.web.FilterChainProxy        : Securing GET /vendor/bootstrap/js/bootstrap.min.js
2023-10-11T18:38:52.052+09:00 DEBUG 43780 --- [http-nio-8080-exec-4] o.s.security.web.FilterChainProxy        : Secured GET /vendor/metisMenu/metisMenu.min.css
2023-10-11T18:38:52.053+09:00 DEBUG 43780 --- [http-nio-8080-exec-2] o.s.security.web.FilterChainProxy        : Secured GET /vendor/font-awesome/css/font-awesome.min.css
2023-10-11T18:38:52.053+09:00 DEBUG 43780 --- [http-nio-8080-exec-1] o.s.security.web.FilterChainProxy        : Secured GET /vendor/bootstrap/css/bootstrap.min.css
2023-10-11T18:38:52.053+09:00 DEBUG 43780 --- [http-nio-8080-exec-7] o.s.security.web.FilterChainProxy        : Secured GET /vendor/jquery/jquery.min.js
2023-10-11T18:38:52.053+09:00 DEBUG 43780 --- [http-nio-8080-exec-5] o.s.security.web.FilterChainProxy        : Secured GET /vendor/bootstrap/js/bootstrap.min.js
2023-10-11T18:38:52.053+09:00 DEBUG 43780 --- [http-nio-8080-exec-8] o.s.security.web.FilterChainProxy        : Secured GET /dist/css/sb-admin-2.css
2023-10-11T18:38:52.055+09:00 DEBUG 43780 --- [http-nio-8080-exec-4] w.c.HttpSessionSecurityContextRepository : Retrieved SecurityContextImpl [Authentication=UsernamePasswordAuthenticationToken [Principal=MyUserDetails(user=kr.co.sboard.entity.UserEntity@5650d64b), Credentials=[PROTECTED], Authenticated=true, Details=WebAuthenticationDetails [RemoteIpAddress=127.0.0.1, SessionId=215FD442E00B9B20D3129C1509B90489], Granted Authorities=[ROLE_null]]]
2023-10-11T18:38:52.056+09:00 DEBUG 43780 --- [http-nio-8080-exec-8] w.c.HttpSessionSecurityContextRepository : Retrieved SecurityContextImpl [Authentication=UsernamePasswordAuthenticationToken [Principal=MyUserDetails(user=kr.co.sboard.entity.UserEntity@5650d64b), Credentials=[PROTECTED], Authenticated=true, Details=WebAuthenticationDetails [RemoteIpAddress=127.0.0.1, SessionId=215FD442E00B9B20D3129C1509B90489], Granted Authorities=[ROLE_null]]]
2023-10-11T18:38:52.056+09:00 DEBUG 43780 --- [http-nio-8080-exec-1] w.c.HttpSessionSecurityContextRepository : Retrieved SecurityContextImpl [Authentication=UsernamePasswordAuthenticationToken [Principal=MyUserDetails(user=kr.co.sboard.entity.UserEntity@5650d64b), Credentials=[PROTECTED], Authenticated=true, Details=WebAuthenticationDetails [RemoteIpAddress=127.0.0.1, SessionId=215FD442E00B9B20D3129C1509B90489], Granted Authorities=[ROLE_null]]]
2023-10-11T18:38:52.056+09:00 DEBUG 43780 --- [http-nio-8080-exec-5] w.c.HttpSessionSecurityContextRepository : Retrieved SecurityContextImpl [Authentication=UsernamePasswordAuthenticationToken [Principal=MyUserDetails(user=kr.co.sboard.entity.UserEntity@5650d64b), Credentials=[PROTECTED], Authenticated=true, Details=WebAuthenticationDetails [RemoteIpAddress=127.0.0.1, SessionId=215FD442E00B9B20D3129C1509B90489], Granted Authorities=[ROLE_null]]]
2023-10-11T18:38:52.056+09:00 DEBUG 43780 --- [http-nio-8080-exec-7] w.c.HttpSessionSecurityContextRepository : Retrieved SecurityContextImpl [Authentication=UsernamePasswordAuthenticationToken [Principal=MyUserDetails(user=kr.co.sboard.entity.UserEntity@5650d64b), Credentials=[PROTECTED], Authenticated=true, Details=WebAuthenticationDetails [RemoteIpAddress=127.0.0.1, SessionId=215FD442E00B9B20D3129C1509B90489], Granted Authorities=[ROLE_null]]]
2023-10-11T18:38:52.056+09:00 DEBUG 43780 --- [http-nio-8080-exec-2] w.c.HttpSessionSecurityContextRepository : Retrieved SecurityContextImpl [Authentication=UsernamePasswordAuthenticationToken [Principal=MyUserDetails(user=kr.co.sboard.entity.UserEntity@5650d64b), Credentials=[PROTECTED], Authenticated=true, Details=WebAuthenticationDetails [RemoteIpAddress=127.0.0.1, SessionId=215FD442E00B9B20D3129C1509B90489], Granted Authorities=[ROLE_null]]]
2023-10-11T18:38:52.057+09:00 DEBUG 43780 --- [http-nio-8080-exec-3] o.s.security.web.FilterChainProxy        : Securing GET /vendor/metisMenu/metisMenu.min.js
2023-10-11T18:38:52.058+09:00 DEBUG 43780 --- [http-nio-8080-exec-10] o.s.security.web.FilterChainProxy        : Securing GET /dist/js/sb-admin-2.js
2023-10-11T18:38:52.058+09:00 DEBUG 43780 --- [http-nio-8080-exec-10] o.s.security.web.FilterChainProxy        : Secured GET /dist/js/sb-admin-2.js
2023-10-11T18:38:52.058+09:00 DEBUG 43780 --- [http-nio-8080-exec-3] o.s.security.web.FilterChainProxy        : Secured GET /vendor/metisMenu/metisMenu.min.js
2023-10-11T18:38:52.060+09:00 DEBUG 43780 --- [http-nio-8080-exec-3] w.c.HttpSessionSecurityContextRepository : Retrieved SecurityContextImpl [Authentication=UsernamePasswordAuthenticationToken [Principal=MyUserDetails(user=kr.co.sboard.entity.UserEntity@5650d64b), Credentials=[PROTECTED], Authenticated=true, Details=WebAuthenticationDetails [RemoteIpAddress=127.0.0.1, SessionId=215FD442E00B9B20D3129C1509B90489], Granted Authorities=[ROLE_null]]]
2023-10-11T18:38:52.060+09:00 DEBUG 43780 --- [http-nio-8080-exec-10] w.c.HttpSessionSecurityContextRepository : Retrieved SecurityContextImpl [Authentication=UsernamePasswordAuthenticationToken [Principal=MyUserDetails(user=kr.co.sboard.entity.UserEntity@5650d64b), Credentials=[PROTECTED], Authenticated=true, Details=WebAuthenticationDetails [RemoteIpAddress=127.0.0.1, SessionId=215FD442E00B9B20D3129C1509B90489], Granted Authorities=[ROLE_null]]]
2023-10-11T18:38:52.070+09:00 DEBUG 43780 --- [http-nio-8080-exec-6] o.s.security.web.FilterChainProxy        : Securing GET /vendor/font-awesome/fonts/fontawesome-webfont.woff2?v=4.6.3
2023-10-11T18:38:52.070+09:00 DEBUG 43780 --- [http-nio-8080-exec-6] o.s.security.web.FilterChainProxy        : Secured GET /vendor/font-awesome/fonts/fontawesome-webfont.woff2?v=4.6.3
2023-10-11T18:38:52.071+09:00 DEBUG 43780 --- [http-nio-8080-exec-6] w.c.HttpSessionSecurityContextRepository : Retrieved SecurityContextImpl [Authentication=UsernamePasswordAuthenticationToken [Principal=MyUserDetails(user=kr.co.sboard.entity.UserEntity@5650d64b), Credentials=[PROTECTED], Authenticated=true, Details=WebAuthenticationDetails [RemoteIpAddress=127.0.0.1, SessionId=215FD442E00B9B20D3129C1509B90489], Granted Authorities=[ROLE_null]]]
2023-10-11T18:38:54.887+09:00  INFO 43780 --- [SpringApplicationShutdownHook] j.LocalContainerEntityManagerFactoryBean : Closing JPA EntityManagerFactory for persistence unit 'default'
2023-10-11T18:38:54.889+09:00  INFO 43780 --- [SpringApplicationShutdownHook] com.zaxxer.hikari.HikariDataSource       : HikariPool-1 - Shutdown initiated...
2023-10-11T18:38:56.450+09:00  INFO 43780 --- [SpringApplicationShutdownHook] com.zaxxer.hikari.HikariDataSource       : HikariPool-1 - Shutdown completed.
